execve("./proxy", ["./proxy", "-n", "6", "-f", "I_robot.txt"], [/* 16 vars */]) = 0
brk(0)                                  = 0xcaa000
mmap(NULL, 4096, PROT_READ|PROT_WRITE, MAP_PRIVATE|MAP_ANONYMOUS, -1, 0) = 0x7f81747ff000
access("/etc/ld.so.preload", R_OK)      = -1 ENOENT (No such file or directory)
open("/etc/ld.so.cache", O_RDONLY|O_CLOEXEC) = 3
fstat(3, {st_mode=S_IFREG|0644, st_size=13663, ...}) = 0
mmap(NULL, 13663, PROT_READ, MAP_PRIVATE, 3, 0) = 0x7f81747fb000
close(3)                                = 0
open("/lib/libm.so.6", O_RDONLY|O_CLOEXEC) = 3
read(3, "\177ELF\2\1\1\3\0\0\0\0\0\0\0\0\3\0>\0\1\0\0\0\360T\0\0\0\0\0\0"..., 832) = 832
fstat(3, {st_mode=S_IFREG|0755, st_size=1135304, ...}) = 0
mmap(NULL, 3162456, PROT_READ|PROT_EXEC, MAP_PRIVATE|MAP_DENYWRITE, 3, 0) = 0x7f81742da000
mprotect(0x7f81743dd000, 2097152, PROT_NONE) = 0
mmap(0x7f81745dd000, 8192, PROT_READ|PROT_WRITE, MAP_PRIVATE|MAP_FIXED|MAP_DENYWRITE, 3, 0x103000) = 0x7f81745dd000
close(3)                                = 0
open("/lib/libc.so.6", O_RDONLY|O_CLOEXEC) = 3
read(3, "\177ELF\2\1\1\3\0\0\0\0\0\0\0\0\3\0>\0\1\0\0\0\0\t\2\0\0\0\0\0"..., 832) = 832
fstat(3, {st_mode=S_IFREG|0755, st_size=1940736, ...}) = 0
mmap(NULL, 3813056, PROT_READ|PROT_EXEC, MAP_PRIVATE|MAP_DENYWRITE, 3, 0) = 0x7f8173f37000
mprotect(0x7f81740d0000, 2097152, PROT_NONE) = 0
mmap(0x7f81742d0000, 24576, PROT_READ|PROT_WRITE, MAP_PRIVATE|MAP_FIXED|MAP_DENYWRITE, 3, 0x199000) = 0x7f81742d0000
mmap(0x7f81742d6000, 16064, PROT_READ|PROT_WRITE, MAP_PRIVATE|MAP_FIXED|MAP_ANONYMOUS, -1, 0) = 0x7f81742d6000
close(3)                                = 0
mmap(NULL, 4096, PROT_READ|PROT_WRITE, MAP_PRIVATE|MAP_ANONYMOUS, -1, 0) = 0x7f81747fa000
mmap(NULL, 4096, PROT_READ|PROT_WRITE, MAP_PRIVATE|MAP_ANONYMOUS, -1, 0) = 0x7f81747f9000
mmap(NULL, 4096, PROT_READ|PROT_WRITE, MAP_PRIVATE|MAP_ANONYMOUS, -1, 0) = 0x7f81747f8000
arch_prctl(ARCH_SET_FS, 0x7f81747f9700) = 0
mprotect(0x7f81742d0000, 16384, PROT_READ) = 0
mprotect(0x7f81745dd000, 4096, PROT_READ) = 0
mprotect(0x7f8174800000, 4096, PROT_READ) = 0
munmap(0x7f81747fb000, 13663)           = 0
open("I_robot.txt", O_RDONLY)           = 3
brk(0)                                  = 0xcaa000
brk(0xccb000)                           = 0xccb000
pipe([4, 5])                            = 0
fcntl(4, F_GETFD)                       = 0
fcntl(4, F_SETFL, O_RDONLY|O_NONBLOCK)  = 0
fcntl(5, F_GETFD)                       = 0
fcntl(5, F_SETFL, O_RDONLY|O_NONBLOCK)  = 0
pipe([6, 7])                            = 0
fcntl(6, F_GETFD)                       = 0
fcntl(6, F_SETFL, O_RDONLY|O_NONBLOCK)  = 0
fcntl(7, F_GETFD)                       = 0
fcntl(7, F_SETFL, O_RDONLY|O_NONBLOCK)  = 0
pipe([8, 9])                            = 0
fcntl(8, F_GETFD)                       = 0
fcntl(8, F_SETFL, O_RDONLY|O_NONBLOCK)  = 0
fcntl(9, F_GETFD)                       = 0
fcntl(9, F_SETFL, O_RDONLY|O_NONBLOCK)  = 0
pipe([10, 11])                          = 0
fcntl(10, F_GETFD)                      = 0
fcntl(10, F_SETFL, O_RDONLY|O_NONBLOCK) = 0
fcntl(11, F_GETFD)                      = 0
fcntl(11, F_SETFL, O_RDONLY|O_NONBLOCK) = 0
pipe([12, 13])                          = 0
fcntl(12, F_GETFD)                      = 0
fcntl(12, F_SETFL, O_RDONLY|O_NONBLOCK) = 0
fcntl(13, F_GETFD)                      = 0
fcntl(13, F_SETFL, O_RDONLY|O_NONBLOCK) = 0
pipe([14, 15])                          = 0
fcntl(14, F_GETFD)                      = 0
fcntl(14, F_SETFL, O_RDONLY|O_NONBLOCK) = 0
fcntl(15, F_GETFD)                      = 0
fcntl(15, F_SETFL, O_RDONLY|O_NONBLOCK) = 0
pipe([16, 17])                          = 0
fcntl(16, F_GETFD)                      = 0
fcntl(16, F_SETFL, O_RDONLY|O_NONBLOCK) = 0
fcntl(17, F_GETFD)                      = 0
fcntl(17, F_SETFL, O_RDONLY|O_NONBLOCK) = 0
pipe([18, 19])                          = 0
fcntl(18, F_GETFD)                      = 0
fcntl(18, F_SETFL, O_RDONLY|O_NONBLOCK) = 0
fcntl(19, F_GETFD)                      = 0
fcntl(19, F_SETFL, O_RDONLY|O_NONBLOCK) = 0
pipe([20, 21])                          = 0
fcntl(20, F_GETFD)                      = 0
fcntl(20, F_SETFL, O_RDONLY|O_NONBLOCK) = 0
fcntl(21, F_GETFD)                      = 0
fcntl(21, F_SETFL, O_RDONLY|O_NONBLOCK) = 0
pipe([22, 23])                          = 0
fcntl(22, F_GETFD)                      = 0
fcntl(22, F_SETFL, O_RDONLY|O_NONBLOCK) = 0
fcntl(23, F_GETFD)                      = 0
fcntl(23, F_SETFL, O_RDONLY|O_NONBLOCK) = 0
pipe([24, 25])                          = 0
fcntl(24, F_GETFD)                      = 0
fcntl(24, F_SETFL, O_RDONLY|O_NONBLOCK) = 0
fcntl(25, F_GETFD)                      = 0
fcntl(25, F_SETFL, O_RDONLY|O_NONBLOCK) = 0
mmap(NULL, 999424, PROT_READ|PROT_WRITE, MAP_PRIVATE|MAP_ANONYMOUS, -1, 0) = 0x7f8174704000
clone(child_stack=0, flags=CLONE_CHILD_CLEARTID|CLONE_CHILD_SETTID|SIGCHLD, child_tidptr=0x7f81747f99d0) = 30623
close(3)                                = 0
close(5)                                = 0
mmap(NULL, 335872, PROT_READ|PROT_WRITE, MAP_PRIVATE|MAP_ANONYMOUS, -1, 0) = 0x7f81746b2000
clone(child_stack=0, flags=CLONE_CHILD_CLEARTID|CLONE_CHILD_SETTID|SIGCHLD, child_tidptr=0x7f81747f99d0) = 30624
close(6)                                = 0
close(9)                                = 0
clone(child_stack=0, flags=CLONE_CHILD_CLEARTID|CLONE_CHILD_SETTID|SIGCHLD, child_tidptr=0x7f81747f99d0) = 30625
close(10)                               = 0
close(13)                               = 0
brk(0xcef000)                           = 0xcef000
clone(child_stack=0, flags=CLONE_CHILD_CLEARTID|CLONE_CHILD_SETTID|SIGCHLD, child_tidptr=0x7f81747f99d0) = 30626
close(14)                               = 0
close(17)                               = 0
clone(child_stack=0, flags=CLONE_CHILD_CLEARTID|CLONE_CHILD_SETTID|SIGCHLD, child_tidptr=0x7f81747f99d0) = 30627
close(18)                               = 0
close(21)                               = 0
clone(child_stack=0, flags=CLONE_CHILD_CLEARTID|CLONE_CHILD_SETTID|SIGCHLD, child_tidptr=0x7f81747f99d0) = 30628
close(22)                               = 0
close(25)                               = 0
select(25, [4 8 12 16 20 24], [1 7 11 15 19 23], NULL, NULL) = 7 (in [4], out [1 7 11 15 19 23])
read(4, "Isaac Asimov\r\n\r\n\r\nI, Robot\r\n\r\nIn"..., 4096) = 4096
write(7, "Isaac Asimov\r\n\r\n\r\nI, Robot\r\n\r\nIn"..., 4096) = 4096
select(25, [4 8 12 16 20 24], [7], NULL, NULL) = 2 (in [4], out [7])
read(4, "o quickly.\"\r\n\r\nShe went back to "..., 4096) = 4096
write(7, "o quickly.\"\r\n\r\nShe went back to "..., 4096) = 4096
select(25, [4 8 12 16 20 24], [7], NULL, NULL) = 3 (in [4 8], out [7])
read(4, "with the basest of ingratitude, "..., 4096) = 4096
write(7, "with the basest of ingratitude, "..., 4096) = 4096
read(8, "Isaac Asimov\r\n\r\n\r\nI, Robot\r\n\r\nIn"..., 4096) = 4096
write(11, "Isaac Asimov\r\n\r\n\r\nI, Robot\r\n\r\nIn"..., 4096) = 4096
select(25, [4 8 12 16 20 24], [7 11], NULL, NULL) = 5 (in [4 8 12], out [7 11])
read(4, "re a big, silver aircoaster. Hol"..., 4096) = 4096
write(7, "re a big, silver aircoaster. Hol"..., 4096) = 4096
read(8, "o quickly.\"\r\n\r\nShe went back to "..., 4096) = 4096
write(11, "o quickly.\"\r\n\r\nShe went back to "..., 4096) = 4096
read(12, "Isaac Asimov\r\n\r\n\r\nI, Robot\r\n\r\nIn"..., 4096) = 4096
write(15, "Isaac Asimov\r\n\r\n\r\nI, Robot\r\n\r\nIn"..., 4096) = 4096
select(25, [4 8 12 16 20 24], [7 11 15], NULL, NULL) = 7 (in [4 8 12 16], out [7 11 15])
read(4, "inderella is his favorite story "..., 4096) = 4096
write(7, "inderella is his favorite story "..., 4096) = 4096
read(8, "with the basest of ingratitude, "..., 4096) = 4096
write(11, "with the basest of ingratitude, "..., 4096) = 4096
read(12, "o quickly.\"\r\n\r\nShe went back to "..., 4096) = 4096
write(15, "o quickly.\"\r\n\r\nShe went back to "..., 4096) = 4096
read(16, "Isaac Asimov\r\n\r\n\r\nI, Robot\r\n\r\nIn"..., 4096) = 4096
write(19, "Isaac Asimov\r\n\r\n\r\nI, Robot\r\n\r\nIn"..., 4096) = 4096
select(25, [4 8 12 16 20 24], [7 11 15 19], NULL, NULL) = 9 (in [4 8 12 16 20], out [7 11 15 19])
read(4, "nt her to be normal, don't you? "..., 4096) = 4096
write(7, "nt her to be normal, don't you? "..., 4096) = 4096
read(8, "re a big, silver aircoaster. Hol"..., 4096) = 4096
write(11, "re a big, silver aircoaster. Hol"..., 4096) = 4096
read(12, "with the basest of ingratitude, "..., 4096) = 4096
write(15, "with the basest of ingratitude, "..., 4096) = 4096
read(16, "o quickly.\"\r\n\r\nShe went back to "..., 4096) = 4096
write(19, "o quickly.\"\r\n\r\nShe went back to "..., 4096) = 4096
read(20, "Isaac Asimov\r\n\r\n\r\nI, Robot\r\n\r\nIn"..., 4096) = 4096
write(23, "Isaac Asimov\r\n\r\n\r\nI, Robot\r\n\r\nIn"..., 4096) = 4096
select(25, [4 8 12 16 20 24], [7 11 15 19 23], NULL, NULL) = 11 (in [4 8 12 16 20 24], out [7 11 15 19 23])
read(4, "t could not catch her eye.\r\n\r\nGl"..., 4096) = 4096
write(7, "t could not catch her eye.\r\n\r\nGl"..., 4096) = 4096
read(8, "inderella is his favorite story "..., 4096) = 4096
write(11, "inderella is his favorite story "..., 4096) = 4096
read(12, "re a big, silver aircoaster. Hol"..., 4096) = 4096
write(15, "re a big, silver aircoaster. Hol"..., 4096) = 4096
read(16, "with the basest of ingratitude, "..., 4096) = 4096
write(19, "with the basest of ingratitude, "..., 4096) = 4096
read(20, "o quickly.\"\r\n\r\nShe went back to "..., 4096) = 4096
write(23, "o quickly.\"\r\n\r\nShe went back to "..., 4096) = 4096
read(24, "Isaac Asimov\r\n\r\n\r\nI, Robot\r\n\r\nIn"..., 4096) = 4096
write(1, "Isaac Asimov\r\n\r\n\r\nI, Robot\r\n\r\nIn"..., 4096) = 4096
select(25, [4 8 12 16 20 24], [1 7 11 15 19 23], NULL, NULL) = 12 (in [4 8 12 16 20 24], out [1 7 11 15 19 23])
read(4, " girl's health is more important"..., 4096) = 4096
write(7, " girl's health is more important"..., 4096) = 4096
read(8, "nt her to be normal, don't you? "..., 4096) = 4096
write(11, "nt her to be normal, don't you? "..., 4096) = 4096
read(12, "inderella is his favorite story "..., 4096) = 4096
write(15, "inderella is his favorite story "..., 4096) = 4096
read(16, "re a big, silver aircoaster. Hol"..., 4096) = 4096
write(19, "re a big, silver aircoaster. Hol"..., 4096) = 4096
read(20, "with the basest of ingratitude, "..., 4096) = 4096
write(23, "with the basest of ingratitude, "..., 4096) = 4096
read(24, "o quickly.\"\r\n\r\nShe went back to "..., 4096) = 4096
write(1, "o quickly.\"\r\n\r\nShe went back to "..., 4096) = 4096
select(25, [4 8 12 16 20 24], [1 7 11 15 19 23], NULL, NULL) = 12 (in [4 8 12 16 20 24], out [1 7 11 15 19 23])
read(4, "ss-like way. Before the month ha"..., 4096) = 4096
write(7, "ss-like way. Before the month ha"..., 4096) = 4096
read(8, "t could not catch her eye.\r\n\r\nGl"..., 4096) = 4096
write(11, "t could not catch her eye.\r\n\r\nGl"..., 4096) = 4096
read(12, "nt her to be normal, don't you? "..., 4096) = 4096
write(15, "nt her to be normal, don't you? "..., 4096) = 4096
read(16, "inderella is his favorite story "..., 4096) = 4096
write(19, "inderella is his favorite story "..., 4096) = 4096
read(20, "re a big, silver aircoaster. Hol"..., 4096) = 4096
write(23, "re a big, silver aircoaster. Hol"..., 4096) = 4096
read(24, "with the basest of ingratitude, "..., 4096) = 4096
write(1, "with the basest of ingratitude, "..., 4096) = 4096
select(25, [4 8 12 16 20 24], [1 7 11 15 19 23], NULL, NULL) = 12 (in [4 8 12 16 20 24], out [1 7 11 15 19 23])
read(4, "attention for this large thing w"..., 4096) = 4096
write(7, "attention for this large thing w"..., 4096) = 4096
read(8, " girl's health is more important"..., 4096) = 4096
write(11, " girl's health is more important"..., 4096) = 4096
read(12, "t could not catch her eye.\r\n\r\nGl"..., 4096) = 4096
write(15, "t could not catch her eye.\r\n\r\nGl"..., 4096) = 4096
read(16, "nt her to be normal, don't you? "..., 4096) = 4096
write(19, "nt her to be normal, don't you? "..., 4096) = 4096
read(20, "inderella is his favorite story "..., 4096) = 4096
write(23, "inderella is his favorite story "..., 4096) = 4096
read(24, "re a big, silver aircoaster. Hol"..., 4096) = 4096
write(1, "re a big, silver aircoaster. Hol"..., 4096) = 4096
select(25, [4 8 12 16 20 24], [1 7 11 15 19 23], NULL, NULL) = 12 (in [4 8 12 16 20 24], out [1 7 11 15 19 23])
read(4, "uaded Robertson of U. S. Robots "..., 4096) = 4096
write(7, "uaded Robertson of U. S. Robots "..., 4096) = 4096
read(8, "ss-like way. Before the month ha"..., 4096) = 4096
write(11, "ss-like way. Before the month ha"..., 4096) = 4096
read(12, " girl's health is more important"..., 4096) = 4096
write(15, " girl's health is more important"..., 4096) = 4096
read(16, "t could not catch her eye.\r\n\r\nGl"..., 4096) = 4096
write(19, "t could not catch her eye.\r\n\r\nGl"..., 4096) = 4096
read(20, "nt her to be normal, don't you? "..., 4096) = 4096
write(23, "nt her to be normal, don't you? "..., 4096) = 4096
read(24, "inderella is his favorite story "..., 4096) = 4096
write(1, "inderella is his favorite story "..., 4096) = 4096
select(25, [4 8 12 16 20 24], [1 7 11 15 19 23], NULL, NULL) = 12 (in [4 8 12 16 20 24], out [1 7 11 15 19 23])
read(4, "the tractor, but the overseers w"..., 4096) = 4096
write(7, "the tractor, but the overseers w"..., 4096) = 4096
read(8, "attention for this large thing w"..., 4096) = 4096
write(11, "attention for this large thing w"..., 4096) = 4096
read(12, "ss-like way. Before the month ha"..., 4096) = 4096
write(15, "ss-like way. Before the month ha"..., 4096) = 4096
read(16, " girl's health is more important"..., 4096) = 4096
write(19, " girl's health is more important"..., 4096) = 4096
read(20, "t could not catch her eye.\r\n\r\nGl"..., 4096) = 4096
write(23, "t could not catch her eye.\r\n\r\nGl"..., 4096) = 4096
read(24, "nt her to be normal, don't you? "..., 4096) = 4096
write(1, "nt her to be normal, don't you? "..., 4096) = 4096
select(25, [4 8 12 16 20 24], [1 7 11 15 19 23], NULL, NULL) = 12 (in [4 8 12 16 20 24], out [1 7 11 15 19 23])
read(4, ". Calvin, I can have Mr. Powell "..., 4096) = 4096
write(7, ". Calvin, I can have Mr. Powell "..., 4096) = 4096
read(8, "uaded Robertson of U. S. Robots "..., 4096) = 4096
write(11, "uaded Robertson of U. S. Robots "..., 4096) = 4096
read(12, "attention for this large thing w"..., 4096) = 4096
write(15, "attention for this large thing w"..., 4096) = 4096
read(16, "ss-like way. Before the month ha"..., 4096) = 4096
write(19, "ss-like way. Before the month ha"..., 4096) = 4096
read(20, " girl's health is more important"..., 4096) = 4096
write(23, " girl's health is more important"..., 4096) = 4096
read(24, "t could not catch her eye.\r\n\r\nGl"..., 4096) = 4096
write(1, "t could not catch her eye.\r\n\r\nGl"..., 4096) = 4096
select(25, [4 8 12 16 20 24], [1 7 11 15 19 23], NULL, NULL) = 12 (in [4 8 12 16 20 24], out [1 7 11 15 19 23])
read(4, "nly thing that could save them w"..., 4096) = 4096
write(7, "nly thing that could save them w"..., 4096) = 4096
read(8, "the tractor, but the overseers w"..., 4096) = 4096
write(11, "the tractor, but the overseers w"..., 4096) = 4096
read(12, "uaded Robertson of U. S. Robots "..., 4096) = 4096
write(15, "uaded Robertson of U. S. Robots "..., 4096) = 4096
read(16, "attention for this large thing w"..., 4096) = 4096
write(19, "attention for this large thing w"..., 4096) = 4096
read(20, "ss-like way. Before the month ha"..., 4096) = 4096
write(23, "ss-like way. Before the month ha"..., 4096) = 4096
read(24, " girl's health is more important"..., 4096) = 4096
write(1, " girl's health is more important"..., 4096) = 4096
select(25, [4 8 12 16 20 24], [1 7 11 15 19 23], NULL, NULL) = 12 (in [4 8 12 16 20 24], out [1 7 11 15 19 23])
read(4, "m,\" muttered Donovan.\r\n\r\n\"No, it"..., 4096) = 4096
write(7, "m,\" muttered Donovan.\r\n\r\n\"No, it"..., 4096) = 4096
read(8, ". Calvin, I can have Mr. Powell "..., 4096) = 4096
write(11, ". Calvin, I can have Mr. Powell "..., 4096) = 4096
read(12, "the tractor, but the overseers w"..., 4096) = 4096
write(15, "the tractor, but the overseers w"..., 4096) = 4096
read(16, "uaded Robertson of U. S. Robots "..., 4096) = 4096
write(19, "uaded Robertson of U. S. Robots "..., 4096) = 4096
read(20, "attention for this large thing w"..., 4096) = 4096
write(23, "attention for this large thing w"..., 4096) = 4096
read(24, "ss-like way. Before the month ha"..., 4096) = 4096
write(1, "ss-like way. Before the month ha"..., 4096) = 4096
select(25, [4 8 12 16 20 24], [1 7 11 15 19 23], NULL, NULL) = 12 (in [4 8 12 16 20 24], out [1 7 11 15 19 23])
read(4, "ical precision, through the door"..., 4096) = 4096
write(7, "ical precision, through the door"..., 4096) = 4096
read(8, "nly thing that could save them w"..., 4096) = 4096
write(11, "nly thing that could save them w"..., 4096) = 4096
read(12, ". Calvin, I can have Mr. Powell "..., 4096) = 4096
write(15, ". Calvin, I can have Mr. Powell "..., 4096) = 4096
read(16, "the tractor, but the overseers w"..., 4096) = 4096
write(19, "the tractor, but the overseers w"..., 4096) = 4096
read(20, "uaded Robertson of U. S. Robots "..., 4096) = 4096
write(23, "uaded Robertson of U. S. Robots "..., 4096) = 4096
read(24, "attention for this large thing w"..., 4096) = 4096
write(1, "attention for this large thing w"..., 4096) = 4096
select(25, [4 8 12 16 20 24], [1 7 11 15 19 23], NULL, NULL) = 12 (in [4 8 12 16 20 24], out [1 7 11 15 19 23])
read(4, "t. It's a sort of gigantic still"..., 4096) = 4096
write(7, "t. It's a sort of gigantic still"..., 4096) = 4096
read(8, "m,\" muttered Donovan.\r\n\r\n\"No, it"..., 4096) = 4096
write(11, "m,\" muttered Donovan.\r\n\r\n\"No, it"..., 4096) = 4096
read(12, "nly thing that could save them w"..., 4096) = 4096
write(15, "nly thing that could save them w"..., 4096) = 4096
read(16, ". Calvin, I can have Mr. Powell "..., 4096) = 4096
write(19, ". Calvin, I can have Mr. Powell "..., 4096) = 4096
read(20, "the tractor, but the overseers w"..., 4096) = 4096
write(23, "the tractor, but the overseers w"..., 4096) = 4096
read(24, "uaded Robertson of U. S. Robots "..., 4096) = 4096
write(1, "uaded Robertson of U. S. Robots "..., 4096) = 4096
select(25, [4 8 12 16 20 24], [1 7 11 15 19 23], NULL, NULL) = 12 (in [4 8 12 16 20 24], out [1 7 11 15 19 23])
read(4, " the human sense \226 because he's "..., 4096) = 4096
write(7, " the human sense \226 because he's "..., 4096) = 4096
read(8, "ical precision, through the door"..., 4096) = 4096
write(11, "ical precision, through the door"..., 4096) = 4096
read(12, "m,\" muttered Donovan.\r\n\r\n\"No, it"..., 4096) = 4096
write(15, "m,\" muttered Donovan.\r\n\r\n\"No, it"..., 4096) = 4096
read(16, "nly thing that could save them w"..., 4096) = 4096
write(19, "nly thing that could save them w"..., 4096) = 4096
read(20, ". Calvin, I can have Mr. Powell "..., 4096) = 4096
write(23, ". Calvin, I can have Mr. Powell "..., 4096) = 4096
read(24, "the tractor, but the overseers w"..., 4096) = 4096
write(1, "the tractor, but the overseers w"..., 4096) = 4096
select(25, [4 8 12 16 20 24], [1 7 11 15 19 23], NULL, NULL) = 12 (in [4 8 12 16 20 24], out [1 7 11 15 19 23])
read(4, " start with.\"\r\n\r\nDonovan rose to"..., 4096) = 4096
write(7, " start with.\"\r\n\r\nDonovan rose to"..., 4096) = 4096
read(8, "t. It's a sort of gigantic still"..., 4096) = 4096
write(11, "t. It's a sort of gigantic still"..., 4096) = 4096
read(12, "ical precision, through the door"..., 4096) = 4096
write(15, "ical precision, through the door"..., 4096) = 4096
read(16, "m,\" muttered Donovan.\r\n\r\n\"No, it"..., 4096) = 4096
write(19, "m,\" muttered Donovan.\r\n\r\n\"No, it"..., 4096) = 4096
read(20, "nly thing that could save them w"..., 4096) = 4096
write(23, "nly thing that could save them w"..., 4096) = 4096
read(24, ". Calvin, I can have Mr. Powell "..., 4096) = 4096
write(1, ". Calvin, I can have Mr. Powell "..., 4096) = 4096
select(25, [4 8 12 16 20 24], [1 7 11 15 19 23], NULL, NULL) = 12 (in [4 8 12 16 20 24], out [1 7 11 15 19 23])
read(4, "ost half a mile off.\"\r\n\r\n\"Quiet,"..., 4096) = 4096
write(7, "ost half a mile off.\"\r\n\r\n\"Quiet,"..., 4096) = 4096
read(8, " the human sense \226 because he's "..., 4096) = 4096
write(11, " the human sense \226 because he's "..., 4096) = 4096
read(12, "t. It's a sort of gigantic still"..., 4096) = 4096
write(15, "t. It's a sort of gigantic still"..., 4096) = 4096
read(16, "ical precision, through the door"..., 4096) = 4096
write(19, "ical precision, through the door"..., 4096) = 4096
read(20, "m,\" muttered Donovan.\r\n\r\n\"No, it"..., 4096) = 4096
write(23, "m,\" muttered Donovan.\r\n\r\n\"No, it"..., 4096) = 4096
read(24, "nly thing that could save them w"..., 4096) = 4096
write(1, "nly thing that could save them w"..., 4096) = 4096
select(25, [4 8 12 16 20 24], [1 7 11 15 19 23], NULL, NULL) = 12 (in [4 8 12 16 20 24], out [1 7 11 15 19 23])
read(4, "\r\nPowell's voice sounded thoroug"..., 4096) = 4096
write(7, "\r\nPowell's voice sounded thoroug"..., 4096) = 4096
read(8, " start with.\"\r\n\r\nDonovan rose to"..., 4096) = 4096
write(11, " start with.\"\r\n\r\nDonovan rose to"..., 4096) = 4096
read(12, " the human sense \226 because he's "..., 4096) = 4096
write(15, " the human sense \226 because he's "..., 4096) = 4096
read(16, "t. It's a sort of gigantic still"..., 4096) = 4096
write(19, "t. It's a sort of gigantic still"..., 4096) = 4096
read(20, "ical precision, through the door"..., 4096) = 4096
write(23, "ical precision, through the door"..., 4096) = 4096
read(24, "m,\" muttered Donovan.\r\n\r\n\"No, it"..., 4096) = 4096
write(1, "m,\" muttered Donovan.\r\n\r\n\"No, it"..., 4096) = 4096
select(25, [4 8 12 16 20 24], [1 7 11 15 19 23], NULL, NULL) = 12 (in [4 8 12 16 20 24], out [1 7 11 15 19 23])
read(4, "t see clearly. His brain was in "..., 4096) = 4096
write(7, "t see clearly. His brain was in "..., 4096) = 4096
read(8, "ost half a mile off.\"\r\n\r\n\"Quiet,"..., 4096) = 4096
write(11, "ost half a mile off.\"\r\n\r\n\"Quiet,"..., 4096) = 4096
read(12, " start with.\"\r\n\r\nDonovan rose to"..., 4096) = 4096
write(15, " start with.\"\r\n\r\nDonovan rose to"..., 4096) = 4096
read(16, " the human sense \226 because he's "..., 4096) = 4096
write(19, " the human sense \226 because he's "..., 4096) = 4096
read(20, "t. It's a sort of gigantic still"..., 4096) = 4096
write(23, "t. It's a sort of gigantic still"..., 4096) = 4096
read(24, "ical precision, through the door"..., 4096) = 4096
write(1, "ical precision, through the door"..., 4096) = 4096
select(25, [4 8 12 16 20 24], [1 7 11 15 19 23], NULL, NULL) = 12 (in [4 8 12 16 20 24], out [1 7 11 15 19 23])
read(4, "uite suddenly, \"In Earth's name,"..., 4096) = 4096
write(7, "uite suddenly, \"In Earth's name,"..., 4096) = 4096
read(8, "\r\nPowell's voice sounded thoroug"..., 4096) = 4096
write(11, "\r\nPowell's voice sounded thoroug"..., 4096) = 4096
read(12, "ost half a mile off.\"\r\n\r\n\"Quiet,"..., 4096) = 4096
write(15, "ost half a mile off.\"\r\n\r\n\"Quiet,"..., 4096) = 4096
read(16, " start with.\"\r\n\r\nDonovan rose to"..., 4096) = 4096
write(19, " start with.\"\r\n\r\nDonovan rose to"..., 4096) = 4096
read(20, " the human sense \226 because he's "..., 4096) = 4096
write(23, " the human sense \226 because he's "..., 4096) = 4096
read(24, "t. It's a sort of gigantic still"..., 4096) = 4096
write(1, "t. It's a sort of gigantic still"..., 4096) = 4096
select(25, [4 8 12 16 20 24], [1 7 11 15 19 23], NULL, NULL) = 12 (in [4 8 12 16 20 24], out [1 7 11 15 19 23])
read(4, "s! Worlds with three billion hum"..., 4096) = 4096
write(7, "s! Worlds with three billion hum"..., 4096) = 4096
read(8, "t see clearly. His brain was in "..., 4096) = 4096
write(11, "t see clearly. His brain was in "..., 4096) = 4096
read(12, "\r\nPowell's voice sounded thoroug"..., 4096) = 4096
write(15, "\r\nPowell's voice sounded thoroug"..., 4096) = 4096
read(16, "ost half a mile off.\"\r\n\r\n\"Quiet,"..., 4096) = 4096
write(19, "ost half a mile off.\"\r\n\r\n\"Quiet,"..., 4096) = 4096
read(20, " start with.\"\r\n\r\nDonovan rose to"..., 4096) = 4096
write(23, " start with.\"\r\n\r\nDonovan rose to"..., 4096) = 4096
read(24, " the human sense \226 because he's "..., 4096) = 4096
write(1, " the human sense \226 because he's "..., 4096) = 4096
select(25, [4 8 12 16 20 24], [1 7 11 15 19 23], NULL, NULL) = 12 (in [4 8 12 16 20 24], out [1 7 11 15 19 23])
read(4, "ssure, humidity, or radiation in"..., 4096) = 4096
write(7, "ssure, humidity, or radiation in"..., 4096) = 4096
read(8, "uite suddenly, \"In Earth's name,"..., 4096) = 4096
write(11, "uite suddenly, \"In Earth's name,"..., 4096) = 4096
read(12, "t see clearly. His brain was in "..., 4096) = 4096
write(15, "t see clearly. His brain was in "..., 4096) = 4096
read(16, "\r\nPowell's voice sounded thoroug"..., 4096) = 4096
write(19, "\r\nPowell's voice sounded thoroug"..., 4096) = 4096
read(20, "ost half a mile off.\"\r\n\r\n\"Quiet,"..., 4096) = 4096
write(23, "ost half a mile off.\"\r\n\r\n\"Quiet,"..., 4096) = 4096
read(24, " start with.\"\r\n\r\nDonovan rose to"..., 4096) = 4096
write(1, " start with.\"\r\n\r\nDonovan rose to"..., 4096) = 4096
select(25, [4 8 12 16 20 24], [1 7 11 15 19 23], NULL, NULL) = 12 (in [4 8 12 16 20 24], out [1 7 11 15 19 23])
read(4, "watching closely as the team of "..., 4096) = 4096
write(7, "watching closely as the team of "..., 4096) = 4096
read(8, "s! Worlds with three billion hum"..., 4096) = 4096
write(11, "s! Worlds with three billion hum"..., 4096) = 4096
read(12, "uite suddenly, \"In Earth's name,"..., 4096) = 4096
write(15, "uite suddenly, \"In Earth's name,"..., 4096) = 4096
read(16, "t see clearly. His brain was in "..., 4096) = 4096
write(19, "t see clearly. His brain was in "..., 4096) = 4096
read(20, "\r\nPowell's voice sounded thoroug"..., 4096) = 4096
write(23, "\r\nPowell's voice sounded thoroug"..., 4096) = 4096
read(24, "ost half a mile off.\"\r\n\r\n\"Quiet,"..., 4096) = 4096
write(1, "ost half a mile off.\"\r\n\r\n\"Quiet,"..., 4096) = 4096
select(25, [4 8 12 16 20 24], [1 7 11 15 19 23], NULL, NULL) = 12 (in [4 8 12 16 20 24], out [1 7 11 15 19 23])
read(4, "\n\r\n\"Oh, nothing! Just back to Me"..., 4096) = 4096
write(7, "\n\r\n\"Oh, nothing! Just back to Me"..., 4096) = 4096
read(8, "ssure, humidity, or radiation in"..., 4096) = 4096
write(11, "ssure, humidity, or radiation in"..., 4096) = 4096
read(12, "s! Worlds with three billion hum"..., 4096) = 4096
write(15, "s! Worlds with three billion hum"..., 4096) = 4096
read(16, "uite suddenly, \"In Earth's name,"..., 4096) = 4096
write(19, "uite suddenly, \"In Earth's name,"..., 4096) = 4096
read(20, "t see clearly. His brain was in "..., 4096) = 4096
write(23, "t see clearly. His brain was in "..., 4096) = 4096
read(24, "\r\nPowell's voice sounded thoroug"..., 4096) = 4096
write(1, "\r\nPowell's voice sounded thoroug"..., 4096) = 4096
select(25, [4 8 12 16 20 24], [1 7 11 15 19 23], NULL, NULL) = 12 (in [4 8 12 16 20 24], out [1 7 11 15 19 23])
read(4, "clear light of rigid reason?\"\r\n\r"..., 4096) = 4096
write(7, "clear light of rigid reason?\"\r\n\r"..., 4096) = 4096
read(8, "watching closely as the team of "..., 4096) = 4096
write(11, "watching closely as the team of "..., 4096) = 4096
read(12, "ssure, humidity, or radiation in"..., 4096) = 4096
write(15, "ssure, humidity, or radiation in"..., 4096) = 4096
read(16, "s! Worlds with three billion hum"..., 4096) = 4096
write(19, "s! Worlds with three billion hum"..., 4096) = 4096
read(20, "uite suddenly, \"In Earth's name,"..., 4096) = 4096
write(23, "uite suddenly, \"In Earth's name,"..., 4096) = 4096
read(24, "t see clearly. His brain was in "..., 4096) = 4096
write(1, "t see clearly. His brain was in "..., 4096) = 4096
select(25, [4 8 12 16 20 24], [1 7 11 15 19 23], NULL, NULL) = 12 (in [4 8 12 16 20 24], out [1 7 11 15 19 23])
read(4, "ly, its voice, uncertain and hes"..., 4096) = 4096
write(7, "ly, its voice, uncertain and hes"..., 4096) = 4096
read(8, "\n\r\n\"Oh, nothing! Just back to Me"..., 4096) = 4096
write(11, "\n\r\n\"Oh, nothing! Just back to Me"..., 4096) = 4096
read(12, "watching closely as the team of "..., 4096) = 4096
write(15, "watching closely as the team of "..., 4096) = 4096
read(16, "ssure, humidity, or radiation in"..., 4096) = 4096
write(19, "ssure, humidity, or radiation in"..., 4096) = 4096
read(20, "s! Worlds with three billion hum"..., 4096) = 4096
write(23, "s! Worlds with three billion hum"..., 4096) = 4096
read(24, "uite suddenly, \"In Earth's name,"..., 4096) = 4096
write(1, "uite suddenly, \"In Earth's name,"..., 4096) = 4096
select(25, [4 8 12 16 20 24], [1 7 11 15 19 23], NULL, NULL) = 12 (in [4 8 12 16 20 24], out [1 7 11 15 19 23])
read(4, "es.\r\n\r\nThe shaft of energy was s"..., 4096) = 4096
write(7, "es.\r\n\r\nThe shaft of energy was s"..., 4096) = 4096
read(8, "clear light of rigid reason?\"\r\n\r"..., 4096) = 4096
write(11, "clear light of rigid reason?\"\r\n\r"..., 4096) = 4096
read(12, "\n\r\n\"Oh, nothing! Just back to Me"..., 4096) = 4096
write(15, "\n\r\n\"Oh, nothing! Just back to Me"..., 4096) = 4096
read(16, "watching closely as the team of "..., 4096) = 4096
write(19, "watching closely as the team of "..., 4096) = 4096
read(20, "ssure, humidity, or radiation in"..., 4096) = 4096
write(23, "ssure, humidity, or radiation in"..., 4096) = 4096
read(24, "s! Worlds with three billion hum"..., 4096) = 4096
write(1, "s! Worlds with three billion hum"..., 4096) = 4096
select(25, [4 8 12 16 20 24], [1 7 11 15 19 23], NULL, NULL) = 12 (in [4 8 12 16 20 24], out [1 7 11 15 19 23])
read(4, "uggling into his lightweight spa"..., 4096) = 4096
write(7, "uggling into his lightweight spa"..., 4096) = 4096
read(8, "ly, its voice, uncertain and hes"..., 4096) = 4096
write(11, "ly, its voice, uncertain and hes"..., 4096) = 4096
read(12, "clear light of rigid reason?\"\r\n\r"..., 4096) = 4096
write(15, "clear light of rigid reason?\"\r\n\r"..., 4096) = 4096
read(16, "\n\r\n\"Oh, nothing! Just back to Me"..., 4096) = 4096
write(19, "\n\r\n\"Oh, nothing! Just back to Me"..., 4096) = 4096
read(20, "watching closely as the team of "..., 4096) = 4096
write(23, "watching closely as the team of "..., 4096) = 4096
read(24, "ssure, humidity, or radiation in"..., 4096) = 4096
write(1, "ssure, humidity, or radiation in"..., 4096) = 4096
select(25, [4 8 12 16 20 24], [1 7 11 15 19 23], NULL, NULL) = 12 (in [4 8 12 16 20 24], out [1 7 11 15 19 23])
read(4, "Look \226 logic!\" He lifted his hai"..., 4096) = 4096
write(7, "Look \226 logic!\" He lifted his hai"..., 4096) = 4096
read(8, "es.\r\n\r\nThe shaft of energy was s"..., 4096) = 4096
write(11, "es.\r\n\r\nThe shaft of energy was s"..., 4096) = 4096
read(12, "ly, its voice, uncertain and hes"..., 4096) = 4096
write(15, "ly, its voice, uncertain and hes"..., 4096) = 4096
read(16, "clear light of rigid reason?\"\r\n\r"..., 4096) = 4096
write(19, "clear light of rigid reason?\"\r\n\r"..., 4096) = 4096
read(20, "\n\r\n\"Oh, nothing! Just back to Me"..., 4096) = 4096
write(23, "\n\r\n\"Oh, nothing! Just back to Me"..., 4096) = 4096
read(24, "watching closely as the team of "..., 4096) = 4096
write(1, "watching closely as the team of "..., 4096) = 4096
select(25, [4 8 12 16 20 24], [1 7 11 15 19 23], NULL, NULL) = 12 (in [4 8 12 16 20 24], out [1 7 11 15 19 23])
read(4, "thing flighty or prima donnaish "..., 4096) = 4096
write(7, "thing flighty or prima donnaish "..., 4096) = 4096
read(8, "uggling into his lightweight spa"..., 4096) = 4096
write(11, "uggling into his lightweight spa"..., 4096) = 4096
read(12, "es.\r\n\r\nThe shaft of energy was s"..., 4096) = 4096
write(15, "es.\r\n\r\nThe shaft of energy was s"..., 4096) = 4096
read(16, "ly, its voice, uncertain and hes"..., 4096) = 4096
write(19, "ly, its voice, uncertain and hes"..., 4096) = 4096
read(20, "clear light of rigid reason?\"\r\n\r"..., 4096) = 4096
write(23, "clear light of rigid reason?\"\r\n\r"..., 4096) = 4096
read(24, "\n\r\n\"Oh, nothing! Just back to Me"..., 4096) = 4096
write(1, "\n\r\n\"Oh, nothing! Just back to Me"..., 4096) = 4096
select(25, [4 8 12 16 20 24], [1 7 11 15 19 23], NULL, NULL) = 12 (in [4 8 12 16 20 24], out [1 7 11 15 19 23])
read(4, "urs, but\r\n\r\nthe only two M.-W. t"..., 4096) = 4096
write(7, "urs, but\r\n\r\nthe only two M.-W. t"..., 4096) = 4096
read(8, "Look \226 logic!\" He lifted his hai"..., 4096) = 4096
write(11, "Look \226 logic!\" He lifted his hai"..., 4096) = 4096
read(12, "uggling into his lightweight spa"..., 4096) = 4096
write(15, "uggling into his lightweight spa"..., 4096) = 4096
read(16, "es.\r\n\r\nThe shaft of energy was s"..., 4096) = 4096
write(19, "es.\r\n\r\nThe shaft of energy was s"..., 4096) = 4096
read(20, "ly, its voice, uncertain and hes"..., 4096) = 4096
write(23, "ly, its voice, uncertain and hes"..., 4096) = 4096
read(24, "clear light of rigid reason?\"\r\n\r"..., 4096) = 4096
write(1, "clear light of rigid reason?\"\r\n\r"..., 4096) = 4096
select(25, [4 8 12 16 20 24], [1 7 11 15 19 23], NULL, NULL) = 12 (in [4 8 12 16 20 24], out [1 7 11 15 19 23])
read(4, "us dancers in Lunar Bowl.\r\n\r\nDon"..., 4096) = 4096
write(7, "us dancers in Lunar Bowl.\r\n\r\nDon"..., 4096) = 4096
read(8, "thing flighty or prima donnaish "..., 4096) = 4096
write(11, "thing flighty or prima donnaish "..., 4096) = 4096
read(12, "Look \226 logic!\" He lifted his hai"..., 4096) = 4096
write(15, "Look \226 logic!\" He lifted his hai"..., 4096) = 4096
read(16, "uggling into his lightweight spa"..., 4096) = 4096
write(19, "uggling into his lightweight spa"..., 4096) = 4096
read(20, "es.\r\n\r\nThe shaft of energy was s"..., 4096) = 4096
write(23, "es.\r\n\r\nThe shaft of energy was s"..., 4096) = 4096
read(24, "ly, its voice, uncertain and hes"..., 4096) = 4096
write(1, "ly, its voice, uncertain and hes"..., 4096) = 4096
select(25, [4 8 12 16 20 24], [1 7 11 15 19 23], NULL, NULL) = 12 (in [4 8 12 16 20 24], out [1 7 11 15 19 23])
read(4, " if it ever was. I tested Dave, "..., 4096) = 4096
write(7, " if it ever was. I tested Dave, "..., 4096) = 4096
read(8, "urs, but\r\n\r\nthe only two M.-W. t"..., 4096) = 4096
write(11, "urs, but\r\n\r\nthe only two M.-W. t"..., 4096) = 4096
read(12, "thing flighty or prima donnaish "..., 4096) = 4096
write(15, "thing flighty or prima donnaish "..., 4096) = 4096
read(16, "Look \226 logic!\" He lifted his hai"..., 4096) = 4096
write(19, "Look \226 logic!\" He lifted his hai"..., 4096) = 4096
read(20, "uggling into his lightweight spa"..., 4096) = 4096
write(23, "uggling into his lightweight spa"..., 4096) = 4096
read(24, "es.\r\n\r\nThe shaft of energy was s"..., 4096) = 4096
write(1, "es.\r\n\r\nThe shaft of energy was s"..., 4096) = 4096
select(25, [4 8 12 16 20 24], [1 7 11 15 19 23], NULL, NULL) = 12 (in [4 8 12 16 20 24], out [1 7 11 15 19 23])
read(4, "is nothing wrong with him.\" Powe"..., 4096) = 4096
write(7, "is nothing wrong with him.\" Powe"..., 4096) = 4096
read(8, "us dancers in Lunar Bowl.\r\n\r\nDon"..., 4096) = 4096
write(11, "us dancers in Lunar Bowl.\r\n\r\nDon"..., 4096) = 4096
read(12, "urs, but\r\n\r\nthe only two M.-W. t"..., 4096) = 4096
write(15, "urs, but\r\n\r\nthe only two M.-W. t"..., 4096) = 4096
read(16, "thing flighty or prima donnaish "..., 4096) = 4096
write(19, "thing flighty or prima donnaish "..., 4096) = 4096
read(20, "Look \226 logic!\" He lifted his hai"..., 4096) = 4096
write(23, "Look \226 logic!\" He lifted his hai"..., 4096) = 4096
read(24, "uggling into his lightweight spa"..., 4096) = 4096
write(1, "uggling into his lightweight spa"..., 4096) = 4096
select(25, [4 8 12 16 20 24], [1 7 11 15 19 23], NULL, NULL) = 12 (in [4 8 12 16 20 24], out [1 7 11 15 19 23])
read(4, "now I couldn't ever.\"\r\n\r\n\"Jumpin"..., 4096) = 4096
write(7, "now I couldn't ever.\"\r\n\r\n\"Jumpin"..., 4096) = 4096
read(8, " if it ever was. I tested Dave, "..., 4096) = 4096
write(11, " if it ever was. I tested Dave, "..., 4096) = 4096
read(12, "us dancers in Lunar Bowl.\r\n\r\nDon"..., 4096) = 4096
write(15, "us dancers in Lunar Bowl.\r\n\r\nDon"..., 4096) = 4096
read(16, "urs, but\r\n\r\nthe only two M.-W. t"..., 4096) = 4096
write(19, "urs, but\r\n\r\nthe only two M.-W. t"..., 4096) = 4096
read(20, "thing flighty or prima donnaish "..., 4096) = 4096
write(23, "thing flighty or prima donnaish "..., 4096) = 4096
read(24, "Look \226 logic!\" He lifted his hai"..., 4096) = 4096
write(1, "Look \226 logic!\" He lifted his hai"..., 4096) = 4096
select(25, [4 8 12 16 20 24], [1 7 11 15 19 23], NULL, NULL) = 12 (in [4 8 12 16 20 24], out [1 7 11 15 19 23])
read(4, " flicked. \"It is. Let's go.\"\r\n\r\n"..., 4096) = 4096
write(7, " flicked. \"It is. Let's go.\"\r\n\r\n"..., 4096) = 4096
read(8, "is nothing wrong with him.\" Powe"..., 4096) = 4096
write(11, "is nothing wrong with him.\" Powe"..., 4096) = 4096
read(12, " if it ever was. I tested Dave, "..., 4096) = 4096
write(15, " if it ever was. I tested Dave, "..., 4096) = 4096
read(16, "us dancers in Lunar Bowl.\r\n\r\nDon"..., 4096) = 4096
write(19, "us dancers in Lunar Bowl.\r\n\r\nDon"..., 4096) = 4096
read(20, "urs, but\r\n\r\nthe only two M.-W. t"..., 4096) = 4096
write(23, "urs, but\r\n\r\nthe only two M.-W. t"..., 4096) = 4096
read(24, "thing flighty or prima donnaish "..., 4096) = 4096
write(1, "thing flighty or prima donnaish "..., 4096) = 4096
select(25, [4 8 12 16 20 24], [1 7 11 15 19 23], NULL, NULL) = 12 (in [4 8 12 16 20 24], out [1 7 11 15 19 23])
read(4, "ite apart from what we know or d"..., 4096) = 4096
write(7, "ite apart from what we know or d"..., 4096) = 4096
read(8, "now I couldn't ever.\"\r\n\r\n\"Jumpin"..., 4096) = 4096
write(11, "now I couldn't ever.\"\r\n\r\n\"Jumpin"..., 4096) = 4096
read(12, "is nothing wrong with him.\" Powe"..., 4096) = 4096
write(15, "is nothing wrong with him.\" Powe"..., 4096) = 4096
read(16, " if it ever was. I tested Dave, "..., 4096) = 4096
write(19, " if it ever was. I tested Dave, "..., 4096) = 4096
read(20, "us dancers in Lunar Bowl.\r\n\r\nDon"..., 4096) = 4096
write(23, "us dancers in Lunar Bowl.\r\n\r\nDon"..., 4096) = 4096
read(24, "urs, but\r\n\r\nthe only two M.-W. t"..., 4096) = 4096
write(1, "urs, but\r\n\r\nthe only two M.-W. t"..., 4096) = 4096
select(25, [4 8 12 16 20 24], [1 7 11 15 19 23], NULL, NULL) = 12 (in [4 8 12 16 20 24], out [1 7 11 15 19 23])
read(4, " it always happened during emerg"..., 4096) = 4096
write(7, " it always happened during emerg"..., 4096) = 4096
read(8, " flicked. \"It is. Let's go.\"\r\n\r\n"..., 4096) = 4096
write(11, " flicked. \"It is. Let's go.\"\r\n\r\n"..., 4096) = 4096
read(12, "now I couldn't ever.\"\r\n\r\n\"Jumpin"..., 4096) = 4096
write(15, "now I couldn't ever.\"\r\n\r\n\"Jumpin"..., 4096) = 4096
read(16, "is nothing wrong with him.\" Powe"..., 4096) = 4096
write(19, "is nothing wrong with him.\" Powe"..., 4096) = 4096
read(20, " if it ever was. I tested Dave, "..., 4096) = 4096
write(23, " if it ever was. I tested Dave, "..., 4096) = 4096
read(24, "us dancers in Lunar Bowl.\r\n\r\nDon"..., 4096) = 4096
write(1, "us dancers in Lunar Bowl.\r\n\r\nDon"..., 4096) = 4096
select(25, [4 8 12 16 20 24], [1 7 11 15 19 23], NULL, NULL) = 12 (in [4 8 12 16 20 24], out [1 7 11 15 19 23])
read(4, "the assembly from start to finis"..., 4096) = 4096
write(7, "the assembly from start to finis"..., 4096) = 4096
read(8, "ite apart from what we know or d"..., 4096) = 4096
write(11, "ite apart from what we know or d"..., 4096) = 4096
read(12, " flicked. \"It is. Let's go.\"\r\n\r\n"..., 4096) = 4096
write(15, " flicked. \"It is. Let's go.\"\r\n\r\n"..., 4096) = 4096
read(16, "now I couldn't ever.\"\r\n\r\n\"Jumpin"..., 4096) = 4096
write(19, "now I couldn't ever.\"\r\n\r\n\"Jumpin"..., 4096) = 4096
read(20, "is nothing wrong with him.\" Powe"..., 4096) = 4096
write(23, "is nothing wrong with him.\" Powe"..., 4096) = 4096
read(24, " if it ever was. I tested Dave, "..., 4096) = 4096
write(1, " if it ever was. I tested Dave, "..., 4096) = 4096
select(25, [4 8 12 16 20 24], [1 7 11 15 19 23], NULL, NULL) = 12 (in [4 8 12 16 20 24], out [1 7 11 15 19 23])
read(4, "d I don't care if we go behind s"..., 4096) = 4096
write(7, "d I don't care if we go behind s"..., 4096) = 4096
read(8, " it always happened during emerg"..., 4096) = 4096
write(11, " it always happened during emerg"..., 4096) = 4096
read(12, "ite apart from what we know or d"..., 4096) = 4096
write(15, "ite apart from what we know or d"..., 4096) = 4096
read(16, " flicked. \"It is. Let's go.\"\r\n\r\n"..., 4096) = 4096
write(19, " flicked. \"It is. Let's go.\"\r\n\r\n"..., 4096) = 4096
read(20, "now I couldn't ever.\"\r\n\r\n\"Jumpin"..., 4096) = 4096
write(23, "now I couldn't ever.\"\r\n\r\n\"Jumpin"..., 4096) = 4096
read(24, "is nothing wrong with him.\" Powe"..., 4096) = 4096
write(1, "is nothing wrong with him.\" Powe"..., 4096) = 4096
select(25, [4 8 12 16 20 24], [1 7 11 15 19 23], NULL, NULL) = 12 (in [4 8 12 16 20 24], out [1 7 11 15 19 23])
read(4, " voice drowned out everything el"..., 4096) = 4096
write(7, " voice drowned out everything el"..., 4096) = 4096
read(8, "the assembly from start to finis"..., 4096) = 4096
write(11, "the assembly from start to finis"..., 4096) = 4096
read(12, " it always happened during emerg"..., 4096) = 4096
write(15, " it always happened during emerg"..., 4096) = 4096
read(16, "ite apart from what we know or d"..., 4096) = 4096
write(19, "ite apart from what we know or d"..., 4096) = 4096
read(20, " flicked. \"It is. Let's go.\"\r\n\r\n"..., 4096) = 4096
write(23, " flicked. \"It is. Let's go.\"\r\n\r\n"..., 4096) = 4096
read(24, "now I couldn't ever.\"\r\n\r\n\"Jumpin"..., 4096) = 4096
write(1, "now I couldn't ever.\"\r\n\r\n\"Jumpin"..., 4096) = 4096
select(25, [4 8 12 16 20 24], [1 7 11 15 19 23], NULL, NULL) = 12 (in [4 8 12 16 20 24], out [1 7 11 15 19 23])
read(4, "regarded his white hands with in"..., 4096) = 4096
write(7, "regarded his white hands with in"..., 4096) = 4096
read(8, "d I don't care if we go behind s"..., 4096) = 4096
write(11, "d I don't care if we go behind s"..., 4096) = 4096
read(12, "the assembly from start to finis"..., 4096) = 4096
write(15, "the assembly from start to finis"..., 4096) = 4096
read(16, " it always happened during emerg"..., 4096) = 4096
write(19, " it always happened during emerg"..., 4096) = 4096
read(20, "ite apart from what we know or d"..., 4096) = 4096
write(23, "ite apart from what we know or d"..., 4096) = 4096
read(24, " flicked. \"It is. Let's go.\"\r\n\r\n"..., 4096) = 4096
write(1, " flicked. \"It is. Let's go.\"\r\n\r\n"..., 4096) = 4096
select(25, [4 8 12 16 20 24], [1 7 11 15 19 23], NULL, NULL) = 12 (in [4 8 12 16 20 24], out [1 7 11 15 19 23])
read(4, " exclamation was an explosive, a"..., 4096) = 4096
write(7, " exclamation was an explosive, a"..., 4096) = 4096
read(8, " voice drowned out everything el"..., 4096) = 4096
write(11, " voice drowned out everything el"..., 4096) = 4096
read(12, "d I don't care if we go behind s"..., 4096) = 4096
write(15, "d I don't care if we go behind s"..., 4096) = 4096
read(16, "the assembly from start to finis"..., 4096) = 4096
write(19, "the assembly from start to finis"..., 4096) = 4096
read(20, " it always happened during emerg"..., 4096) = 4096
write(23, " it always happened during emerg"..., 4096) = 4096
read(24, "ite apart from what we know or d"..., 4096) = 4096
write(1, "ite apart from what we know or d"..., 4096) = 4096
select(25, [4 8 12 16 20 24], [1 7 11 15 19 23], NULL, NULL) = 12 (in [4 8 12 16 20 24], out [1 7 11 15 19 23])
read(4, "e get the credit for solving rob"..., 4096) = 4096
write(7, "e get the credit for solving rob"..., 4096) = 4096
read(8, "regarded his white hands with in"..., 4096) = 4096
write(11, "regarded his white hands with in"..., 4096) = 4096
read(12, " voice drowned out everything el"..., 4096) = 4096
write(15, " voice drowned out everything el"..., 4096) = 4096
read(16, "d I don't care if we go behind s"..., 4096) = 4096
write(19, "d I don't care if we go behind s"..., 4096) = 4096
read(20, "the assembly from start to finis"..., 4096) = 4096
write(23, "the assembly from start to finis"..., 4096) = 4096
read(24, " it always happened during emerg"..., 4096) = 4096
write(1, " it always happened during emerg"..., 4096) = 4096
select(25, [4 8 12 16 20 24], [1 7 11 15 19 23], NULL, NULL) = 12 (in [4 8 12 16 20 24], out [1 7 11 15 19 23])
read(4, "ieve in it. You'll wake into the"..., 4096) = 4096
write(7, "ieve in it. You'll wake into the"..., 4096) = 4096
read(8, " exclamation was an explosive, a"..., 4096) = 4096
write(11, " exclamation was an explosive, a"..., 4096) = 4096
read(12, "regarded his white hands with in"..., 4096) = 4096
write(15, "regarded his white hands with in"..., 4096) = 4096
read(16, " voice drowned out everything el"..., 4096) = 4096
write(19, " voice drowned out everything el"..., 4096) = 4096
read(20, "d I don't care if we go behind s"..., 4096) = 4096
write(23, "d I don't care if we go behind s"..., 4096) = 4096
read(24, "the assembly from start to finis"..., 4096) = 4096
write(1, "the assembly from start to finis"..., 4096) = 4096
select(25, [4 8 12 16 20 24], [1 7 11 15 19 23], NULL, NULL) = 12 (in [4 8 12 16 20 24], out [1 7 11 15 19 23])
read(4, "being or, through inaction, allo"..., 4096) = 4096
write(7, "being or, through inaction, allo"..., 4096) = 4096
read(8, "e get the credit for solving rob"..., 4096) = 4096
write(11, "e get the credit for solving rob"..., 4096) = 4096
read(12, " exclamation was an explosive, a"..., 4096) = 4096
write(15, " exclamation was an explosive, a"..., 4096) = 4096
read(16, "regarded his white hands with in"..., 4096) = 4096
write(19, "regarded his white hands with in"..., 4096) = 4096
read(20, " voice drowned out everything el"..., 4096) = 4096
write(23, " voice drowned out everything el"..., 4096) = 4096
read(24, "d I don't care if we go behind s"..., 4096) = 4096
write(1, "d I don't care if we go behind s"..., 4096) = 4096
select(25, [4 8 12 16 20 24], [1 7 11 15 19 23], NULL, NULL) = 12 (in [4 8 12 16 20 24], out [1 7 11 15 19 23])
read(4, "nt.\r\n\r\n\"You can't tell them,\" dr"..., 4096) = 4096
write(7, "nt.\r\n\r\n\"You can't tell them,\" dr"..., 4096) = 4096
read(8, "ieve in it. You'll wake into the"..., 4096) = 4096
write(11, "ieve in it. You'll wake into the"..., 4096) = 4096
read(12, "e get the credit for solving rob"..., 4096) = 4096
write(15, "e get the credit for solving rob"..., 4096) = 4096
read(16, " exclamation was an explosive, a"..., 4096) = 4096
write(19, " exclamation was an explosive, a"..., 4096) = 4096
read(20, "regarded his white hands with in"..., 4096) = 4096
write(23, "regarded his white hands with in"..., 4096) = 4096
read(24, " voice drowned out everything el"..., 4096) = 4096
write(1, " voice drowned out everything el"..., 4096) = 4096
select(25, [4 8 12 16 20 24], [1 7 11 15 19 23], NULL, NULL) = 12 (in [4 8 12 16 20 24], out [1 7 11 15 19 23])
read(4, "lar research was in 2029, when a"..., 4096) = 4096
write(7, "lar research was in 2029, when a"..., 4096) = 4096
read(8, "being or, through inaction, allo"..., 4096) = 4096
write(11, "being or, through inaction, allo"..., 4096) = 4096
read(12, "ieve in it. You'll wake into the"..., 4096) = 4096
write(15, "ieve in it. You'll wake into the"..., 4096) = 4096
read(16, "e get the credit for solving rob"..., 4096) = 4096
write(19, "e get the credit for solving rob"..., 4096) = 4096
read(20, " exclamation was an explosive, a"..., 4096) = 4096
write(23, " exclamation was an explosive, a"..., 4096) = 4096
read(24, "regarded his white hands with in"..., 4096) = 4096
write(1, "regarded his white hands with in"..., 4096) = 4096
select(25, [4 8 12 16 20 24], [1 7 11 15 19 23], NULL, NULL) = 12 (in [4 8 12 16 20 24], out [1 7 11 15 19 23])
read(4, " \226 Hyper Base happens to be usin"..., 4096) = 4096
write(7, " \226 Hyper Base happens to be usin"..., 4096) = 4096
read(8, "nt.\r\n\r\n\"You can't tell them,\" dr"..., 4096) = 4096
write(11, "nt.\r\n\r\n\"You can't tell them,\" dr"..., 4096) = 4096
read(12, "being or, through inaction, allo"..., 4096) = 4096
write(15, "being or, through inaction, allo"..., 4096) = 4096
read(16, "ieve in it. You'll wake into the"..., 4096) = 4096
write(19, "ieve in it. You'll wake into the"..., 4096) = 4096
read(20, "e get the credit for solving rob"..., 4096) = 4096
write(23, "e get the credit for solving rob"..., 4096) = 4096
read(24, " exclamation was an explosive, a"..., 4096) = 4096
write(1, " exclamation was an explosive, a"..., 4096) = 4096
select(25, [4 8 12 16 20 24], [1 7 11 15 19 23], NULL, NULL) = 12 (in [4 8 12 16 20 24], out [1 7 11 15 19 23])
read(4, "ty came first. We gave them orde"..., 4096) = 4096
write(7, "ty came first. We gave them orde"..., 4096) = 4096
read(8, "lar research was in 2029, when a"..., 4096) = 4096
write(11, "lar research was in 2029, when a"..., 4096) = 4096
read(12, "nt.\r\n\r\n\"You can't tell them,\" dr"..., 4096) = 4096
write(15, "nt.\r\n\r\n\"You can't tell them,\" dr"..., 4096) = 4096
read(16, "being or, through inaction, allo"..., 4096) = 4096
write(19, "being or, through inaction, allo"..., 4096) = 4096
read(20, "ieve in it. You'll wake into the"..., 4096) = 4096
write(23, "ieve in it. You'll wake into the"..., 4096) = 4096
read(24, "e get the credit for solving rob"..., 4096) = 4096
write(1, "e get the credit for solving rob"..., 4096) = 4096
select(25, [4 8 12 16 20 24], [1 7 11 15 19 23], NULL, NULL) = 12 (in [4 8 12 16 20 24], out [1 7 11 15 19 23])
read(4, "think?\"\r\n\r\n\"Susan,\" said Bogert,"..., 4096) = 4096
write(7, "think?\"\r\n\r\n\"Susan,\" said Bogert,"..., 4096) = 4096
read(8, " \226 Hyper Base happens to be usin"..., 4096) = 4096
write(11, " \226 Hyper Base happens to be usin"..., 4096) = 4096
read(12, "lar research was in 2029, when a"..., 4096) = 4096
write(15, "lar research was in 2029, when a"..., 4096) = 4096
read(16, "nt.\r\n\r\n\"You can't tell them,\" dr"..., 4096) = 4096
write(19, "nt.\r\n\r\n\"You can't tell them,\" dr"..., 4096) = 4096
read(20, "being or, through inaction, allo"..., 4096) = 4096
write(23, "being or, through inaction, allo"..., 4096) = 4096
read(24, "ieve in it. You'll wake into the"..., 4096) = 4096
write(1, "ieve in it. You'll wake into the"..., 4096) = 4096
select(25, [4 8 12 16 20 24], [1 7 11 15 19 23], NULL, NULL) = 12 (in [4 8 12 16 20 24], out [1 7 11 15 19 23])
read(4, "pressed the comment that was abo"..., 4096) = 4096
write(7, "pressed the comment that was abo"..., 4096) = 4096
read(8, "ty came first. We gave them orde"..., 4096) = 4096
write(11, "ty came first. We gave them orde"..., 4096) = 4096
read(12, " \226 Hyper Base happens to be usin"..., 4096) = 4096
write(15, " \226 Hyper Base happens to be usin"..., 4096) = 4096
read(16, "lar research was in 2029, when a"..., 4096) = 4096
write(19, "lar research was in 2029, when a"..., 4096) = 4096
read(20, "nt.\r\n\r\n\"You can't tell them,\" dr"..., 4096) = 4096
write(23, "nt.\r\n\r\n\"You can't tell them,\" dr"..., 4096) = 4096
read(24, "being or, through inaction, allo"..., 4096) = 4096
write(1, "being or, through inaction, allo"..., 4096) = 4096
select(25, [4 8 12 16 20 24], [1 7 11 15 19 23], NULL, NULL) = 12 (in [4 8 12 16 20 24], out [1 7 11 15 19 23])
read(4, "stened to each set of replies, m"..., 4096) = 4096
write(7, "stened to each set of replies, m"..., 4096) = 4096
read(8, "think?\"\r\n\r\n\"Susan,\" said Bogert,"..., 4096) = 4096
write(11, "think?\"\r\n\r\n\"Susan,\" said Bogert,"..., 4096) = 4096
read(12, "ty came first. We gave them orde"..., 4096) = 4096
write(15, "ty came first. We gave them orde"..., 4096) = 4096
read(16, " \226 Hyper Base happens to be usin"..., 4096) = 4096
write(19, " \226 Hyper Base happens to be usin"..., 4096) = 4096
read(20, "lar research was in 2029, when a"..., 4096) = 4096
write(23, "lar research was in 2029, when a"..., 4096) = 4096
read(24, "nt.\r\n\r\n\"You can't tell them,\" dr"..., 4096) = 4096
write(1, "nt.\r\n\r\n\"You can't tell them,\" dr"..., 4096) = 4096
select(25, [4 8 12 16 20 24], [1 7 11 15 19 23], NULL, NULL) = 12 (in [4 8 12 16 20 24], out [1 7 11 15 19 23])
read(4, "way in which a modified robot ca"..., 4096) = 4096
write(7, "way in which a modified robot ca"..., 4096) = 4096
read(8, "pressed the comment that was abo"..., 4096) = 4096
write(11, "pressed the comment that was abo"..., 4096) = 4096
read(12, "think?\"\r\n\r\n\"Susan,\" said Bogert,"..., 4096) = 4096
write(15, "think?\"\r\n\r\n\"Susan,\" said Bogert,"..., 4096) = 4096
read(16, "ty came first. We gave them orde"..., 4096) = 4096
write(19, "ty came first. We gave them orde"..., 4096) = 4096
read(20, " \226 Hyper Base happens to be usin"..., 4096) = 4096
write(23, " \226 Hyper Base happens to be usin"..., 4096) = 4096
read(24, "lar research was in 2029, when a"..., 4096) = 4096
write(1, "lar research was in 2029, when a"..., 4096) = 4096
select(25, [4 8 12 16 20 24], [1 7 11 15 19 23], NULL, NULL) = 12 (in [4 8 12 16 20 24], out [1 7 11 15 19 23])
read(4, "y since the first dinner with th"..., 4096) = 4096
write(7, "y since the first dinner with th"..., 4096) = 4096
read(8, "stened to each set of replies, m"..., 4096) = 4096
write(11, "stened to each set of replies, m"..., 4096) = 4096
read(12, "pressed the comment that was abo"..., 4096) = 4096
write(15, "pressed the comment that was abo"..., 4096) = 4096
read(16, "think?\"\r\n\r\n\"Susan,\" said Bogert,"..., 4096) = 4096
write(19, "think?\"\r\n\r\n\"Susan,\" said Bogert,"..., 4096) = 4096
read(20, "ty came first. We gave them orde"..., 4096) = 4096
write(23, "ty came first. We gave them orde"..., 4096) = 4096
read(24, " \226 Hyper Base happens to be usin"..., 4096) = 4096
write(1, " \226 Hyper Base happens to be usin"..., 4096) = 4096
select(25, [4 8 12 16 20 24], [1 7 11 15 19 23], NULL, NULL) = 12 (in [4 8 12 16 20 24], out [1 7 11 15 19 23])
read(4, "ldn't help it; but he was delibe"..., 4096) = 4096
write(7, "ldn't help it; but he was delibe"..., 4096) = 4096
read(8, "way in which a modified robot ca"..., 4096) = 4096
write(11, "way in which a modified robot ca"..., 4096) = 4096
read(12, "stened to each set of replies, m"..., 4096) = 4096
write(15, "stened to each set of replies, m"..., 4096) = 4096
read(16, "pressed the comment that was abo"..., 4096) = 4096
write(19, "pressed the comment that was abo"..., 4096) = 4096
read(20, "think?\"\r\n\r\n\"Susan,\" said Bogert,"..., 4096) = 4096
write(23, "think?\"\r\n\r\n\"Susan,\" said Bogert,"..., 4096) = 4096
read(24, "ty came first. We gave them orde"..., 4096) = 4096
write(1, "ty came first. We gave them orde"..., 4096) = 4096
select(25, [4 8 12 16 20 24], [1 7 11 15 19 23], NULL, NULL) = 12 (in [4 8 12 16 20 24], out [1 7 11 15 19 23])
read(4, "cross electric cables if we were"..., 4096) = 4096
write(7, "cross electric cables if we were"..., 4096) = 4096
read(8, "y since the first dinner with th"..., 4096) = 4096
write(11, "y since the first dinner with th"..., 4096) = 4096
read(12, "way in which a modified robot ca"..., 4096) = 4096
write(15, "way in which a modified robot ca"..., 4096) = 4096
read(16, "stened to each set of replies, m"..., 4096) = 4096
write(19, "stened to each set of replies, m"..., 4096) = 4096
read(20, "pressed the comment that was abo"..., 4096) = 4096
write(23, "pressed the comment that was abo"..., 4096) = 4096
read(24, "think?\"\r\n\r\n\"Susan,\" said Bogert,"..., 4096) = 4096
write(1, "think?\"\r\n\r\n\"Susan,\" said Bogert,"..., 4096) = 4096
select(25, [4 8 12 16 20 24], [1 7 11 15 19 23], NULL, NULL) = 12 (in [4 8 12 16 20 24], out [1 7 11 15 19 23])
read(4, " all three to a halt, and the an"..., 4096) = 4096
write(7, " all three to a halt, and the an"..., 4096) = 4096
read(8, "ldn't help it; but he was delibe"..., 4096) = 4096
write(11, "ldn't help it; but he was delibe"..., 4096) = 4096
read(12, "y since the first dinner with th"..., 4096) = 4096
write(15, "y since the first dinner with th"..., 4096) = 4096
read(16, "way in which a modified robot ca"..., 4096) = 4096
write(19, "way in which a modified robot ca"..., 4096) = 4096
read(20, "stened to each set of replies, m"..., 4096) = 4096
write(23, "stened to each set of replies, m"..., 4096) = 4096
read(24, "pressed the comment that was abo"..., 4096) = 4096
write(1, "pressed the comment that was abo"..., 4096) = 4096
select(25, [4 8 12 16 20 24], [1 7 11 15 19 23], NULL, NULL) = 12 (in [4 8 12 16 20 24], out [1 7 11 15 19 23])
read(4, "e ones that come here, naturally"..., 4096) = 4096
write(7, "e ones that come here, naturally"..., 4096) = 4096
read(8, "cross electric cables if we were"..., 4096) = 4096
write(11, "cross electric cables if we were"..., 4096) = 4096
read(12, "ldn't help it; but he was delibe"..., 4096) = 4096
write(15, "ldn't help it; but he was delibe"..., 4096) = 4096
read(16, "y since the first dinner with th"..., 4096) = 4096
write(19, "y since the first dinner with th"..., 4096) = 4096
read(20, "way in which a modified robot ca"..., 4096) = 4096
write(23, "way in which a modified robot ca"..., 4096) = 4096
read(24, "stened to each set of replies, m"..., 4096) = 4096
write(1, "stened to each set of replies, m"..., 4096) = 4096
select(25, [4 8 12 16 20 24], [1 7 11 15 19 23], NULL, NULL) = 12 (in [4 8 12 16 20 24], out [1 7 11 15 19 23])
read(4, " the idea of the arrangement, Dr"..., 4096) = 4096
write(7, " the idea of the arrangement, Dr"..., 4096) = 4096
read(8, " all three to a halt, and the an"..., 4096) = 4096
write(11, " all three to a halt, and the an"..., 4096) = 4096
read(12, "cross electric cables if we were"..., 4096) = 4096
write(15, "cross electric cables if we were"..., 4096) = 4096
read(16, "ldn't help it; but he was delibe"..., 4096) = 4096
write(19, "ldn't help it; but he was delibe"..., 4096) = 4096
read(20, "y since the first dinner with th"..., 4096) = 4096
write(23, "y since the first dinner with th"..., 4096) = 4096
read(24, "way in which a modified robot ca"..., 4096) = 4096
write(1, "way in which a modified robot ca"..., 4096) = 4096
select(25, [4 8 12 16 20 24], [1 7 11 15 19 23], NULL, NULL) = 12 (in [4 8 12 16 20 24], out [1 7 11 15 19 23])
read(4, "th normal robots, or, if necessa"..., 4096) = 4096
write(7, "th normal robots, or, if necessa"..., 4096) = 4096
read(8, "e ones that come here, naturally"..., 4096) = 4096
write(11, "e ones that come here, naturally"..., 4096) = 4096
read(12, " all three to a halt, and the an"..., 4096) = 4096
write(15, " all three to a halt, and the an"..., 4096) = 4096
read(16, "cross electric cables if we were"..., 4096) = 4096
write(19, "cross electric cables if we were"..., 4096) = 4096
read(20, "ldn't help it; but he was delibe"..., 4096) = 4096
write(23, "ldn't help it; but he was delibe"..., 4096) = 4096
read(24, "y since the first dinner with th"..., 4096) = 4096
write(1, "y since the first dinner with th"..., 4096) = 4096
select(25, [4 8 12 16 20 24], [1 7 11 15 19 23], NULL, NULL) = 12 (in [4 8 12 16 20 24], out [1 7 11 15 19 23])
read(4, "hinking machine. It's broken.\"\r\n"..., 4096) = 4096
write(7, "hinking machine. It's broken.\"\r\n"..., 4096) = 4096
read(8, " the idea of the arrangement, Dr"..., 4096) = 4096
write(11, " the idea of the arrangement, Dr"..., 4096) = 4096
read(12, "e ones that come here, naturally"..., 4096) = 4096
write(15, "e ones that come here, naturally"..., 4096) = 4096
read(16, " all three to a halt, and the an"..., 4096) = 4096
write(19, " all three to a halt, and the an"..., 4096) = 4096
read(20, "cross electric cables if we were"..., 4096) = 4096
write(23, "cross electric cables if we were"..., 4096) = 4096
read(24, "ldn't help it; but he was delibe"..., 4096) = 4096
write(1, "ldn't help it; but he was delibe"..., 4096) = 4096
select(25, [4 8 12 16 20 24], [1 7 11 15 19 23], NULL, NULL) = 12 (in [4 8 12 16 20 24], out [1 7 11 15 19 23])
read(4, "ral manager was energetically in"..., 4096) = 4096
write(7, "ral manager was energetically in"..., 4096) = 4096
read(8, "th normal robots, or, if necessa"..., 4096) = 4096
write(11, "th normal robots, or, if necessa"..., 4096) = 4096
read(12, " the idea of the arrangement, Dr"..., 4096) = 4096
write(15, " the idea of the arrangement, Dr"..., 4096) = 4096
read(16, "e ones that come here, naturally"..., 4096) = 4096
write(19, "e ones that come here, naturally"..., 4096) = 4096
read(20, " all three to a halt, and the an"..., 4096) = 4096
write(23, " all three to a halt, and the an"..., 4096) = 4096
read(24, "cross electric cables if we were"..., 4096) = 4096
write(1, "cross electric cables if we were"..., 4096) = 4096
select(25, [4 8 12 16 20 24], [1 7 11 15 19 23], NULL, NULL) = 12 (in [4 8 12 16 20 24], out [1 7 11 15 19 23])
read(4, "l. We're going to ask you to bui"..., 4096) = 4096
write(7, "l. We're going to ask you to bui"..., 4096) = 4096
read(8, "hinking machine. It's broken.\"\r\n"..., 4096) = 4096
write(11, "hinking machine. It's broken.\"\r\n"..., 4096) = 4096
read(12, "th normal robots, or, if necessa"..., 4096) = 4096
write(15, "th normal robots, or, if necessa"..., 4096) = 4096
read(16, " the idea of the arrangement, Dr"..., 4096) = 4096
write(19, " the idea of the arrangement, Dr"..., 4096) = 4096
read(20, "e ones that come here, naturally"..., 4096) = 4096
write(23, "e ones that come here, naturally"..., 4096) = 4096
read(24, " all three to a halt, and the an"..., 4096) = 4096
write(1, " all three to a halt, and the an"..., 4096) = 4096
select(25, [4 8 12 16 20 24], [1 7 11 15 19 23], NULL, NULL) = 12 (in [4 8 12 16 20 24], out [1 7 11 15 19 23])
read(4, "he ramp with the two men and out"..., 4096) = 4096
write(7, "he ramp with the two men and out"..., 4096) = 4096
read(8, "ral manager was energetically in"..., 4096) = 4096
write(11, "ral manager was energetically in"..., 4096) = 4096
read(12, "hinking machine. It's broken.\"\r\n"..., 4096) = 4096
write(15, "hinking machine. It's broken.\"\r\n"..., 4096) = 4096
read(16, "th normal robots, or, if necessa"..., 4096) = 4096
write(19, "th normal robots, or, if necessa"..., 4096) = 4096
read(20, " the idea of the arrangement, Dr"..., 4096) = 4096
write(23, " the idea of the arrangement, Dr"..., 4096) = 4096
read(24, "e ones that come here, naturally"..., 4096) = 4096
write(1, "e ones that come here, naturally"..., 4096) = 4096
select(25, [4 8 12 16 20 24], [1 7 11 15 19 23], NULL, NULL) = 12 (in [4 8 12 16 20 24], out [1 7 11 15 19 23])
read(4, "h exertion.\r\n\r\nPowell said, \"I d"..., 4096) = 4096
write(7, "h exertion.\r\n\r\nPowell said, \"I d"..., 4096) = 4096
read(8, "l. We're going to ask you to bui"..., 4096) = 4096
write(11, "l. We're going to ask you to bui"..., 4096) = 4096
read(12, "ral manager was energetically in"..., 4096) = 4096
write(15, "ral manager was energetically in"..., 4096) = 4096
read(16, "hinking machine. It's broken.\"\r\n"..., 4096) = 4096
write(19, "hinking machine. It's broken.\"\r\n"..., 4096) = 4096
read(20, "th normal robots, or, if necessa"..., 4096) = 4096
write(23, "th normal robots, or, if necessa"..., 4096) = 4096
read(24, " the idea of the arrangement, Dr"..., 4096) = 4096
write(1, " the idea of the arrangement, Dr"..., 4096) = 4096
select(25, [4 8 12 16 20 24], [1 7 11 15 19 23], NULL, NULL) = 12 (in [4 8 12 16 20 24], out [1 7 11 15 19 23])
read(4, "gether.\r\n\r\n\"Mike,\" he said, out "..., 4096) = 4096
write(7, "gether.\r\n\r\n\"Mike,\" he said, out "..., 4096) = 4096
read(8, "he ramp with the two men and out"..., 4096) = 4096
write(11, "he ramp with the two men and out"..., 4096) = 4096
read(12, "l. We're going to ask you to bui"..., 4096) = 4096
write(15, "l. We're going to ask you to bui"..., 4096) = 4096
read(16, "ral manager was energetically in"..., 4096) = 4096
write(19, "ral manager was energetically in"..., 4096) = 4096
read(20, "hinking machine. It's broken.\"\r\n"..., 4096) = 4096
write(23, "hinking machine. It's broken.\"\r\n"..., 4096) = 4096
read(24, "th normal robots, or, if necessa"..., 4096) = 4096
write(1, "th normal robots, or, if necessa"..., 4096) = 4096
select(25, [4 8 12 16 20 24], [1 7 11 15 19 23], NULL, NULL) = 12 (in [4 8 12 16 20 24], out [1 7 11 15 19 23])
read(4, "t an answer.\"\r\n\r\nThey did. They "..., 4096) = 4096
write(7, "t an answer.\"\r\n\r\nThey did. They "..., 4096) = 4096
read(8, "h exertion.\r\n\r\nPowell said, \"I d"..., 4096) = 4096
write(11, "h exertion.\r\n\r\nPowell said, \"I d"..., 4096) = 4096
read(12, "he ramp with the two men and out"..., 4096) = 4096
write(15, "he ramp with the two men and out"..., 4096) = 4096
read(16, "l. We're going to ask you to bui"..., 4096) = 4096
write(19, "l. We're going to ask you to bui"..., 4096) = 4096
read(20, "ral manager was energetically in"..., 4096) = 4096
write(23, "ral manager was energetically in"..., 4096) = 4096
read(24, "hinking machine. It's broken.\"\r\n"..., 4096) = 4096
write(1, "hinking machine. It's broken.\"\r\n"..., 4096) = 4096
select(25, [4 8 12 16 20 24], [1 7 11 15 19 23], NULL, NULL) = 12 (in [4 8 12 16 20 24], out [1 7 11 15 19 23])
read(4, "bout the interstellar jump itsel"..., 4096) = 4096
write(7, "bout the interstellar jump itsel"..., 4096) = 4096
read(8, "gether.\r\n\r\n\"Mike,\" he said, out "..., 4096) = 4096
write(11, "gether.\r\n\r\n\"Mike,\" he said, out "..., 4096) = 4096
read(12, "h exertion.\r\n\r\nPowell said, \"I d"..., 4096) = 4096
write(15, "h exertion.\r\n\r\nPowell said, \"I d"..., 4096) = 4096
read(16, "he ramp with the two men and out"..., 4096) = 4096
write(19, "he ramp with the two men and out"..., 4096) = 4096
read(20, "l. We're going to ask you to bui"..., 4096) = 4096
write(23, "l. We're going to ask you to bui"..., 4096) = 4096
read(24, "ral manager was energetically in"..., 4096) = 4096
write(1, "ral manager was energetically in"..., 4096) = 4096
select(25, [4 8 12 16 20 24], [1 7 11 15 19 23], NULL, NULL) = 12 (in [4 8 12 16 20 24], out [1 7 11 15 19 23])
read(4, "tion. A world of dim, unsensing "..., 4096) = 4096
write(7, "tion. A world of dim, unsensing "..., 4096) = 4096
read(8, "t an answer.\"\r\n\r\nThey did. They "..., 4096) = 4096
write(11, "t an answer.\"\r\n\r\nThey did. They "..., 4096) = 4096
read(12, "gether.\r\n\r\n\"Mike,\" he said, out "..., 4096) = 4096
write(15, "gether.\r\n\r\n\"Mike,\" he said, out "..., 4096) = 4096
read(16, "h exertion.\r\n\r\nPowell said, \"I d"..., 4096) = 4096
write(19, "h exertion.\r\n\r\nPowell said, \"I d"..., 4096) = 4096
read(20, "he ramp with the two men and out"..., 4096) = 4096
write(23, "he ramp with the two men and out"..., 4096) = 4096
read(24, "l. We're going to ask you to bui"..., 4096) = 4096
write(1, "l. We're going to ask you to bui"..., 4096) = 4096
select(25, [4 8 12 16 20 24], [1 7 11 15 19 23], NULL, NULL) = 12 (in [4 8 12 16 20 24], out [1 7 11 15 19 23])
read(4, "me down with a hard thud, \"But h"..., 4096) = 4096
write(7, "me down with a hard thud, \"But h"..., 4096) = 4096
read(8, "bout the interstellar jump itsel"..., 4096) = 4096
write(11, "bout the interstellar jump itsel"..., 4096) = 4096
read(12, "t an answer.\"\r\n\r\nThey did. They "..., 4096) = 4096
write(15, "t an answer.\"\r\n\r\nThey did. They "..., 4096) = 4096
read(16, "gether.\r\n\r\n\"Mike,\" he said, out "..., 4096) = 4096
write(19, "gether.\r\n\r\n\"Mike,\" he said, out "..., 4096) = 4096
read(20, "h exertion.\r\n\r\nPowell said, \"I d"..., 4096) = 4096
write(23, "h exertion.\r\n\r\nPowell said, \"I d"..., 4096) = 4096
read(24, "he ramp with the two men and out"..., 4096) = 4096
write(1, "he ramp with the two men and out"..., 4096) = 4096
select(25, [4 8 12 16 20 24], [1 7 11 15 19 23], NULL, NULL) = 12 (in [4 8 12 16 20 24], out [1 7 11 15 19 23])
read(4, "so-called `death,' in other word"..., 4096) = 4096
write(7, "so-called `death,' in other word"..., 4096) = 4096
read(8, "tion. A world of dim, unsensing "..., 4096) = 4096
write(11, "tion. A world of dim, unsensing "..., 4096) = 4096
read(12, "bout the interstellar jump itsel"..., 4096) = 4096
write(15, "bout the interstellar jump itsel"..., 4096) = 4096
read(16, "t an answer.\"\r\n\r\nThey did. They "..., 4096) = 4096
write(19, "t an answer.\"\r\n\r\nThey did. They "..., 4096) = 4096
read(20, "gether.\r\n\r\n\"Mike,\" he said, out "..., 4096) = 4096
write(23, "gether.\r\n\r\n\"Mike,\" he said, out "..., 4096) = 4096
read(24, "h exertion.\r\n\r\nPowell said, \"I d"..., 4096) = 4096
write(1, "h exertion.\r\n\r\nPowell said, \"I d"..., 4096) = 4096
select(25, [4 8 12 16 20 24], [1 7 11 15 19 23], NULL, NULL) = 12 (in [4 8 12 16 20 24], out [1 7 11 15 19 23])
read(4, "all expressions of the sort. Mos"..., 4096) = 4096
write(7, "all expressions of the sort. Mos"..., 4096) = 4096
read(8, "me down with a hard thud, \"But h"..., 4096) = 4096
write(11, "me down with a hard thud, \"But h"..., 4096) = 4096
read(12, "tion. A world of dim, unsensing "..., 4096) = 4096
write(15, "tion. A world of dim, unsensing "..., 4096) = 4096
read(16, "bout the interstellar jump itsel"..., 4096) = 4096
write(19, "bout the interstellar jump itsel"..., 4096) = 4096
read(20, "t an answer.\"\r\n\r\nThey did. They "..., 4096) = 4096
write(23, "t an answer.\"\r\n\r\nThey did. They "..., 4096) = 4096
read(24, "gether.\r\n\r\n\"Mike,\" he said, out "..., 4096) = 4096
write(1, "gether.\r\n\r\n\"Mike,\" he said, out "..., 4096) = 4096
select(25, [4 8 12 16 20 24], [1 7 11 15 19 23], NULL, NULL) = 12 (in [4 8 12 16 20 24], out [1 7 11 15 19 23])
read(4, "my point.\"\r\n\r\nLanning leaned bac"..., 4096) = 4096
write(7, "my point.\"\r\n\r\nLanning leaned bac"..., 4096) = 4096
read(8, "so-called `death,' in other word"..., 4096) = 4096
write(11, "so-called `death,' in other word"..., 4096) = 4096
read(12, "me down with a hard thud, \"But h"..., 4096) = 4096
write(15, "me down with a hard thud, \"But h"..., 4096) = 4096
read(16, "tion. A world of dim, unsensing "..., 4096) = 4096
write(19, "tion. A world of dim, unsensing "..., 4096) = 4096
read(20, "bout the interstellar jump itsel"..., 4096) = 4096
write(23, "bout the interstellar jump itsel"..., 4096) = 4096
read(24, "t an answer.\"\r\n\r\nThey did. They "..., 4096) = 4096
write(1, "t an answer.\"\r\n\r\nThey did. They "..., 4096) = 4096
select(25, [4 8 12 16 20 24], [1 7 11 15 19 23], NULL, NULL) = 12 (in [4 8 12 16 20 24], out [1 7 11 15 19 23])
read(4, "half gesture to the woman who sa"..., 4096) = 4096
write(7, "half gesture to the woman who sa"..., 4096) = 4096
read(8, "all expressions of the sort. Mos"..., 4096) = 4096
write(11, "all expressions of the sort. Mos"..., 4096) = 4096
read(12, "so-called `death,' in other word"..., 4096) = 4096
write(15, "so-called `death,' in other word"..., 4096) = 4096
read(16, "me down with a hard thud, \"But h"..., 4096) = 4096
write(19, "me down with a hard thud, \"But h"..., 4096) = 4096
read(20, "tion. A world of dim, unsensing "..., 4096) = 4096
write(23, "tion. A world of dim, unsensing "..., 4096) = 4096
read(24, "bout the interstellar jump itsel"..., 4096) = 4096
write(1, "bout the interstellar jump itsel"..., 4096) = 4096
select(25, [4 8 12 16 20 24], [1 7 11 15 19 23], NULL, NULL) = 12 (in [4 8 12 16 20 24], out [1 7 11 15 19 23])
read(4, "ot because he hardly ever eats w"..., 4096) = 4096
write(7, "ot because he hardly ever eats w"..., 4096) = 4096
read(8, "my point.\"\r\n\r\nLanning leaned bac"..., 4096) = 4096
write(11, "my point.\"\r\n\r\nLanning leaned bac"..., 4096) = 4096
read(12, "all expressions of the sort. Mos"..., 4096) = 4096
write(15, "all expressions of the sort. Mos"..., 4096) = 4096
read(16, "so-called `death,' in other word"..., 4096) = 4096
write(19, "so-called `death,' in other word"..., 4096) = 4096
read(20, "me down with a hard thud, \"But h"..., 4096) = 4096
write(23, "me down with a hard thud, \"But h"..., 4096) = 4096
read(24, "tion. A world of dim, unsensing "..., 4096) = 4096
write(1, "tion. A world of dim, unsensing "..., 4096) = 4096
select(25, [4 8 12 16 20 24], [1 7 11 15 19 23], NULL, NULL) = 12 (in [4 8 12 16 20 24], out [1 7 11 15 19 23])
read(4, "to her feet, \"Come, Alfred, we w"..., 4096) = 4096
write(7, "to her feet, \"Come, Alfred, we w"..., 4096) = 4096
read(8, "half gesture to the woman who sa"..., 4096) = 4096
write(11, "half gesture to the woman who sa"..., 4096) = 4096
read(12, "my point.\"\r\n\r\nLanning leaned bac"..., 4096) = 4096
write(15, "my point.\"\r\n\r\nLanning leaned bac"..., 4096) = 4096
read(16, "all expressions of the sort. Mos"..., 4096) = 4096
write(19, "all expressions of the sort. Mos"..., 4096) = 4096
read(20, "so-called `death,' in other word"..., 4096) = 4096
write(23, "so-called `death,' in other word"..., 4096) = 4096
read(24, "me down with a hard thud, \"But h"..., 4096) = 4096
write(1, "me down with a hard thud, \"But h"..., 4096) = 4096
select(25, [4 8 12 16 20 24], [1 7 11 15 19 23], NULL, NULL) = 12 (in [4 8 12 16 20 24], out [1 7 11 15 19 23])
read(4, "know the Rules, Mr. Quinn?\"\r\n\r\nS"..., 4096) = 4096
write(7, "know the Rules, Mr. Quinn?\"\r\n\r\nS"..., 4096) = 4096
read(8, "ot because he hardly ever eats w"..., 4096) = 4096
write(11, "ot because he hardly ever eats w"..., 4096) = 4096
read(12, "half gesture to the woman who sa"..., 4096) = 4096
write(15, "half gesture to the woman who sa"..., 4096) = 4096
read(16, "my point.\"\r\n\r\nLanning leaned bac"..., 4096) = 4096
write(19, "my point.\"\r\n\r\nLanning leaned bac"..., 4096) = 4096
read(20, "all expressions of the sort. Mos"..., 4096) = 4096
write(23, "all expressions of the sort. Mos"..., 4096) = 4096
read(24, "so-called `death,' in other word"..., 4096) = 4096
write(1, "so-called `death,' in other word"..., 4096) = 4096
select(25, [4 8 12 16 20 24], [1 7 11 15 19 23], NULL, NULL) = 12 (in [4 8 12 16 20 24], out [1 7 11 15 19 23])
read(4, "he death sentence in his closing"..., 4096) = 4096
write(7, "he death sentence in his closing"..., 4096) = 4096
read(8, "to her feet, \"Come, Alfred, we w"..., 4096) = 4096
write(11, "to her feet, \"Come, Alfred, we w"..., 4096) = 4096
read(12, "ot because he hardly ever eats w"..., 4096) = 4096
write(15, "ot because he hardly ever eats w"..., 4096) = 4096
read(16, "half gesture to the woman who sa"..., 4096) = 4096
write(19, "half gesture to the woman who sa"..., 4096) = 4096
read(20, "my point.\"\r\n\r\nLanning leaned bac"..., 4096) = 4096
write(23, "my point.\"\r\n\r\nLanning leaned bac"..., 4096) = 4096
read(24, "all expressions of the sort. Mos"..., 4096) = 4096
write(1, "all expressions of the sort. Mos"..., 4096) = 4096
select(25, [4 8 12 16 20 24], [1 7 11 15 19 23], NULL, NULL) = 12 (in [4 8 12 16 20 24], out [1 7 11 15 19 23])
read(4, "police.\r\n\r\nThe political campaig"..., 4096) = 4096
write(7, "police.\r\n\r\nThe political campaig"..., 4096) = 4096
read(8, "know the Rules, Mr. Quinn?\"\r\n\r\nS"..., 4096) = 4096
write(11, "know the Rules, Mr. Quinn?\"\r\n\r\nS"..., 4096) = 4096
read(12, "to her feet, \"Come, Alfred, we w"..., 4096) = 4096
write(15, "to her feet, \"Come, Alfred, we w"..., 4096) = 4096
read(16, "ot because he hardly ever eats w"..., 4096) = 4096
write(19, "ot because he hardly ever eats w"..., 4096) = 4096
read(20, "half gesture to the woman who sa"..., 4096) = 4096
write(23, "half gesture to the woman who sa"..., 4096) = 4096
read(24, "my point.\"\r\n\r\nLanning leaned bac"..., 4096) = 4096
write(1, "my point.\"\r\n\r\nLanning leaned bac"..., 4096) = 4096
select(25, [4 8 12 16 20 24], [1 7 11 15 19 23], NULL, NULL) = 12 (in [4 8 12 16 20 24], out [1 7 11 15 19 23])
read(4, "hts under the Regional Articles."..., 4096) = 4096
write(7, "hts under the Regional Articles."..., 4096) = 4096
read(8, "he death sentence in his closing"..., 4096) = 4096
write(11, "he death sentence in his closing"..., 4096) = 4096
--- SIGCHLD {si_signo=SIGCHLD, si_code=CLD_EXITED, si_pid=30623, si_uid=1000, si_status=0, si_utime=0, si_stime=0} ---
read(12, "know the Rules, Mr. Quinn?\"\r\n\r\nS"..., 4096) = 4096
write(15, "know the Rules, Mr. Quinn?\"\r\n\r\nS"..., 4096) = 4096
read(16, "to her feet, \"Come, Alfred, we w"..., 4096) = 4096
write(19, "to her feet, \"Come, Alfred, we w"..., 4096) = 4096
read(20, "ot because he hardly ever eats w"..., 4096) = 4096
write(23, "ot because he hardly ever eats w"..., 4096) = 4096
read(24, "half gesture to the woman who sa"..., 4096) = 4096
write(1, "half gesture to the woman who sa"..., 4096) = 4096
select(25, [4 8 12 16 20 24], [1 7 11 15 19 23], NULL, NULL) = 12 (in [4 8 12 16 20 24], out [1 7 11 15 19 23])
read(4, "re.\"\r\n\r\n\"Well, not quite, Quinn."..., 4096) = 4096
write(7, "re.\"\r\n\r\n\"Well, not quite, Quinn."..., 4096) = 4096
read(8, "police.\r\n\r\nThe political campaig"..., 4096) = 4096
write(11, "police.\r\n\r\nThe political campaig"..., 4096) = 4096
read(12, "he death sentence in his closing"..., 4096) = 4096
write(15, "he death sentence in his closing"..., 4096) = 4096
read(16, "know the Rules, Mr. Quinn?\"\r\n\r\nS"..., 4096) = 4096
write(19, "know the Rules, Mr. Quinn?\"\r\n\r\nS"..., 4096) = 4096
read(20, "to her feet, \"Come, Alfred, we w"..., 4096) = 4096
write(23, "to her feet, \"Come, Alfred, we w"..., 4096) = 4096
read(24, "ot because he hardly ever eats w"..., 4096) = 4096
write(1, "ot because he hardly ever eats w"..., 4096) = 4096
select(25, [4 8 12 16 20 24], [1 7 11 15 19 23], NULL, NULL) = 12 (in [4 8 12 16 20 24], out [1 7 11 15 19 23])
read(4, "ible change on his supposed robo"..., 4096) = 4096
write(7, "ible change on his supposed robo"..., 4096) = 4096
read(8, "hts under the Regional Articles."..., 4096) = 4096
write(11, "hts under the Regional Articles."..., 4096) = 4096
read(12, "police.\r\n\r\nThe political campaig"..., 4096) = 4096
write(15, "police.\r\n\r\nThe political campaig"..., 4096) = 4096
read(16, "he death sentence in his closing"..., 4096) = 4096
write(19, "he death sentence in his closing"..., 4096) = 4096
read(20, "know the Rules, Mr. Quinn?\"\r\n\r\nS"..., 4096) = 4096
write(23, "know the Rules, Mr. Quinn?\"\r\n\r\nS"..., 4096) = 4096
read(24, "to her feet, \"Come, Alfred, we w"..., 4096) = 4096
write(1, "to her feet, \"Come, Alfred, we w"..., 4096) = 4096
select(25, [4 8 12 16 20 24], [1 7 11 15 19 23], NULL, NULL) = 12 (in [4 8 12 16 20 24], out [1 7 11 15 19 23])
read(4, "ver hit a man; that I was unable"..., 4096) = 4096
write(7, "ver hit a man; that I was unable"..., 4096) = 4096
read(8, "re.\"\r\n\r\n\"Well, not quite, Quinn."..., 4096) = 4096
write(11, "re.\"\r\n\r\n\"Well, not quite, Quinn."..., 4096) = 4096
read(12, "hts under the Regional Articles."..., 4096) = 4096
write(15, "hts under the Regional Articles."..., 4096) = 4096
read(16, "police.\r\n\r\nThe political campaig"..., 4096) = 4096
write(19, "police.\r\n\r\nThe political campaig"..., 4096) = 4096
read(20, "he death sentence in his closing"..., 4096) = 4096
write(23, "he death sentence in his closing"..., 4096) = 4096
read(24, "know the Rules, Mr. Quinn?\"\r\n\r\nS"..., 4096) = 4096
write(1, "know the Rules, Mr. Quinn?\"\r\n\r\nS"..., 4096) = 4096
select(25, [4 8 12 16 20 24], [1 7 11 15 19 23], NULL, NULL) = 12 (in [4 8 12 16 20 24], out [1 7 11 15 19 23])
read(4, "for sound, so that you could hea"..., 4096) = 4096
write(7, "for sound, so that you could hea"..., 4096) = 4096
read(8, "ible change on his supposed robo"..., 4096) = 4096
write(11, "ible change on his supposed robo"..., 4096) = 4096
read(12, "re.\"\r\n\r\n\"Well, not quite, Quinn."..., 4096) = 4096
write(15, "re.\"\r\n\r\n\"Well, not quite, Quinn."..., 4096) = 4096
read(16, "hts under the Regional Articles."..., 4096) = 4096
write(19, "hts under the Regional Articles."..., 4096) = 4096
read(20, "police.\r\n\r\nThe political campaig"..., 4096) = 4096
write(23, "police.\r\n\r\nThe political campaig"..., 4096) = 4096
read(24, "he death sentence in his closing"..., 4096) = 4096
write(1, "he death sentence in his closing"..., 4096) = 4096
select(25, [4 8 12 16 20 24], [1 7 11 15 19 23], NULL, NULL) = 12 (in [4 8 12 16 20 24], out [1 7 11 15 19 23])
read(4, " important question of whether E"..., 4096) = 4096
write(7, " important question of whether E"..., 4096) = 4096
read(8, "ver hit a man; that I was unable"..., 4096) = 4096
write(11, "ver hit a man; that I was unable"..., 4096) = 4096
read(12, "ible change on his supposed robo"..., 4096) = 4096
write(15, "ible change on his supposed robo"..., 4096) = 4096
read(16, "re.\"\r\n\r\n\"Well, not quite, Quinn."..., 4096) = 4096
write(19, "re.\"\r\n\r\n\"Well, not quite, Quinn."..., 4096) = 4096
read(20, "hts under the Regional Articles."..., 4096) = 4096
write(23, "hts under the Regional Articles."..., 4096) = 4096
read(24, "police.\r\n\r\nThe political campaig"..., 4096) = 4096
write(1, "police.\r\n\r\nThe political campaig"..., 4096) = 4096
select(25, [4 8 12 16 20 24], [1 7 11 15 19 23], NULL, NULL) = 12 (in [4 8 12 16 20 24], out [1 7 11 15 19 23])
read(4, "ature for an error to exist in t"..., 4096) = 4096
write(7, "ature for an error to exist in t"..., 4096) = 4096
read(8, "for sound, so that you could hea"..., 4096) = 4096
write(11, "for sound, so that you could hea"..., 4096) = 4096
read(12, "ver hit a man; that I was unable"..., 4096) = 4096
write(15, "ver hit a man; that I was unable"..., 4096) = 4096
read(16, "ible change on his supposed robo"..., 4096) = 4096
write(19, "ible change on his supposed robo"..., 4096) = 4096
read(20, "re.\"\r\n\r\n\"Well, not quite, Quinn."..., 4096) = 4096
write(23, "re.\"\r\n\r\n\"Well, not quite, Quinn."..., 4096) = 4096
read(24, "hts under the Regional Articles."..., 4096) = 4096
write(1, "hts under the Regional Articles."..., 4096) = 4096
select(25, [4 8 12 16 20 24], [1 7 11 15 19 23], NULL, NULL) = 12 (in [4 8 12 16 20 24], out [1 7 11 15 19 23])
read(4, "ir own decisions, the perfection"..., 4096) = 4096
write(7, "ir own decisions, the perfection"..., 4096) = 4096
read(8, " important question of whether E"..., 4096) = 4096
write(11, " important question of whether E"..., 4096) = 4096
read(12, "for sound, so that you could hea"..., 4096) = 4096
write(15, "for sound, so that you could hea"..., 4096) = 4096
read(16, "ver hit a man; that I was unable"..., 4096) = 4096
write(19, "ver hit a man; that I was unable"..., 4096) = 4096
read(20, "ible change on his supposed robo"..., 4096) = 4096
write(23, "ible change on his supposed robo"..., 4096) = 4096
read(24, "re.\"\r\n\r\n\"Well, not quite, Quinn."..., 4096) = 4096
write(1, "re.\"\r\n\r\n\"Well, not quite, Quinn."..., 4096) = 4096
select(25, [4 8 12 16 20 24], [1 7 11 15 19 23], NULL, NULL) = 12 (in [4 8 12 16 20 24], out [1 7 11 15 19 23])
read(4, "n to the fractional parts per mi"..., 4096) = 4096
write(7, "n to the fractional parts per mi"..., 4096) = 4096
read(8, "ature for an error to exist in t"..., 4096) = 4096
write(11, "ature for an error to exist in t"..., 4096) = 4096
read(12, " important question of whether E"..., 4096) = 4096
write(15, " important question of whether E"..., 4096) = 4096
read(16, "for sound, so that you could hea"..., 4096) = 4096
write(19, "for sound, so that you could hea"..., 4096) = 4096
read(20, "ver hit a man; that I was unable"..., 4096) = 4096
write(23, "ver hit a man; that I was unable"..., 4096) = 4096
read(24, "ible change on his supposed robo"..., 4096) = 4096
write(1, "ible change on his supposed robo"..., 4096) = 4096
select(25, [4 8 12 16 20 24], [1 7 11 15 19 23], NULL, NULL) = 12 (in [4 8 12 16 20 24], out [1 7 11 15 19 23])
read(4, "00 square miles\r\n\r\nb-Population:"..., 4096) = 4096
write(7, "00 square miles\r\n\r\nb-Population:"..., 4096) = 4096
read(8, "ir own decisions, the perfection"..., 4096) = 4096
write(11, "ir own decisions, the perfection"..., 4096) = 4096
read(12, "ature for an error to exist in t"..., 4096) = 4096
write(15, "ature for an error to exist in t"..., 4096) = 4096
read(16, " important question of whether E"..., 4096) = 4096
write(19, " important question of whether E"..., 4096) = 4096
read(20, "for sound, so that you could hea"..., 4096) = 4096
write(23, "for sound, so that you could hea"..., 4096) = 4096
read(24, "ver hit a man; that I was unable"..., 4096) = 4096
write(1, "ver hit a man; that I was unable"..., 4096) = 4096
select(25, [4 8 12 16 20 24], [1 7 11 15 19 23], NULL, NULL) = 12 (in [4 8 12 16 20 24], out [1 7 11 15 19 23])
read(4, "never mind. There was a work sho"..., 4096) = 4096
write(7, "never mind. There was a work sho"..., 4096) = 4096
read(8, "n to the fractional parts per mi"..., 4096) = 4096
write(11, "n to the fractional parts per mi"..., 4096) = 4096
read(12, "ir own decisions, the perfection"..., 4096) = 4096
write(15, "ir own decisions, the perfection"..., 4096) = 4096
read(16, "ature for an error to exist in t"..., 4096) = 4096
write(19, "ature for an error to exist in t"..., 4096) = 4096
read(20, " important question of whether E"..., 4096) = 4096
write(23, " important question of whether E"..., 4096) = 4096
read(24, "for sound, so that you could hea"..., 4096) = 4096
write(1, "for sound, so that you could hea"..., 4096) = 4096
select(25, [4 8 12 16 20 24], [1 7 11 15 19 23], NULL, NULL) = 12 (in [4 8 12 16 20 24], out [1 7 11 15 19 23])
read(4, "ng fingers. \"Europe is a sleepy "..., 4096) = 4096
write(7, "ng fingers. \"Europe is a sleepy "..., 4096) = 4096
read(8, "00 square miles\r\n\r\nb-Population:"..., 4096) = 4096
write(11, "00 square miles\r\n\r\nb-Population:"..., 4096) = 4096
read(12, "n to the fractional parts per mi"..., 4096) = 4096
write(15, "n to the fractional parts per mi"..., 4096) = 4096
read(16, "ir own decisions, the perfection"..., 4096) = 4096
write(19, "ir own decisions, the perfection"..., 4096) = 4096
read(20, "ature for an error to exist in t"..., 4096) = 4096
write(23, "ature for an error to exist in t"..., 4096) = 4096
read(24, " important question of whether E"..., 4096) = 4096
write(1, " important question of whether E"..., 4096) = 4096
select(25, [4 8 12 16 20 24], [1 7 11 15 19 23], NULL, NULL) = 12 (in [4 8 12 16 20 24], out [1 7 11 15 19 23])
read(4, "e better trusted to follow the M"..., 4096) = 4096
write(7, "e better trusted to follow the M"..., 4096) = 4096
read(8, "never mind. There was a work sho"..., 4096) = 4096
write(11, "never mind. There was a work sho"..., 4096) = 4096
read(12, "00 square miles\r\n\r\nb-Population:"..., 4096) = 4096
write(15, "00 square miles\r\n\r\nb-Population:"..., 4096) = 4096
read(16, "n to the fractional parts per mi"..., 4096) = 4096
write(19, "n to the fractional parts per mi"..., 4096) = 4096
read(20, "ir own decisions, the perfection"..., 4096) = 4096
write(23, "ir own decisions, the perfection"..., 4096) = 4096
read(24, "ature for an error to exist in t"..., 4096) = 4096
write(1, "ature for an error to exist in t"..., 4096) = 4096
select(25, [4 8 12 16 20 24], [1 7 11 15 19 23], NULL, NULL) = 12 (in [4 8 12 16 20 24], out [1 7 11 15 19 23])
read(4, "nced buyers who purchase cotton."..., 4096) = 4096
write(7, "nced buyers who purchase cotton."..., 4096) = 4096
read(8, "ng fingers. \"Europe is a sleepy "..., 4096) = 4096
write(11, "ng fingers. \"Europe is a sleepy "..., 4096) = 4096
read(12, "never mind. There was a work sho"..., 4096) = 4096
write(15, "never mind. There was a work sho"..., 4096) = 4096
read(16, "00 square miles\r\n\r\nb-Population:"..., 4096) = 4096
write(19, "00 square miles\r\n\r\nb-Population:"..., 4096) = 4096
read(20, "n to the fractional parts per mi"..., 4096) = 4096
write(23, "n to the fractional parts per mi"..., 4096) = 4096
read(24, "ir own decisions, the perfection"..., 4096) = 4096
write(1, "ir own decisions, the perfection"..., 4096) = 4096
select(25, [4 8 12 16 20 24], [1 7 11 15 19 23], NULL, NULL) = 12 (in [4 8 12 16 20 24], out [1 7 11 15 19 23])
read(4, " and each has a history of humil"..., 4096) = 4096
write(7, " and each has a history of humil"..., 4096) = 4096
read(8, "e better trusted to follow the M"..., 4096) = 4096
write(11, "e better trusted to follow the M"..., 4096) = 4096
read(12, "ng fingers. \"Europe is a sleepy "..., 4096) = 4096
write(15, "ng fingers. \"Europe is a sleepy "..., 4096) = 4096
read(16, "never mind. There was a work sho"..., 4096) = 4096
write(19, "never mind. There was a work sho"..., 4096) = 4096
read(20, "00 square miles\r\n\r\nb-Population:"..., 4096) = 4096
write(23, "00 square miles\r\n\r\nb-Population:"..., 4096) = 4096
read(24, "n to the fractional parts per mi"..., 4096) = 4096
write(1, "n to the fractional parts per mi"..., 4096) = 4096
select(25, [4 8 12 16 20 24], [1 7 11 15 19 23], NULL, NULL) = 12 (in [4 8 12 16 20 24], out [1 7 11 15 19 23])
read(4, "\r\n\r\n\"You can't be sure of all th"..., 4096) = 4096
write(7, "\r\n\r\n\"You can't be sure of all th"..., 4096) = 4096
read(8, "nced buyers who purchase cotton."..., 4096) = 4096
write(11, "nced buyers who purchase cotton."..., 4096) = 4096
read(12, "e better trusted to follow the M"..., 4096) = 4096
write(15, "e better trusted to follow the M"..., 4096) = 4096
read(16, "ng fingers. \"Europe is a sleepy "..., 4096) = 4096
write(19, "ng fingers. \"Europe is a sleepy "..., 4096) = 4096
read(20, "never mind. There was a work sho"..., 4096) = 4096
write(23, "never mind. There was a work sho"..., 4096) = 4096
read(24, "00 square miles\r\n\r\nb-Population:"..., 4096) = 4096
write(1, "00 square miles\r\n\r\nb-Population:"..., 4096) = 4096
select(25, [4 8 12 16 20 24], [1 7 11 15 19 23], NULL, NULL) = 12 (in [4 8 12 16 20 24], out [1 7 11 15 19 23])
read(4, "understand them; and no one can "..., 4096) = 818
write(7, "understand them; and no one can "..., 818) = 818
read(8, " and each has a history of humil"..., 4096) = 4096
write(11, " and each has a history of humil"..., 4096) = 4096
read(12, "nced buyers who purchase cotton."..., 4096) = 4096
write(15, "nced buyers who purchase cotton."..., 4096) = 4096
read(16, "e better trusted to follow the M"..., 4096) = 4096
write(19, "e better trusted to follow the M"..., 4096) = 4096
read(20, "ng fingers. \"Europe is a sleepy "..., 4096) = 4096
write(23, "ng fingers. \"Europe is a sleepy "..., 4096) = 4096
read(24, "never mind. There was a work sho"..., 4096) = 4096
write(1, "never mind. There was a work sho"..., 4096) = 4096
select(25, [4 8 12 16 20 24], [1 7 11 15 19 23], NULL, NULL) = 12 (in [4 8 12 16 20 24], out [1 7 11 15 19 23])
read(4, "", 4096)                       = 0
close(4)                                = 0
close(7)                                = 0
read(8, "\r\n\r\n\"You can't be sure of all th"..., 4096) = 4096
write(11, "\r\n\r\n\"You can't be sure of all th"..., 4096) = 4096
read(12, " and each has a history of humil"..., 4096) = 4096
write(15, " and each has a history of humil"..., 4096) = 4096
--- SIGCHLD {si_signo=SIGCHLD, si_code=CLD_EXITED, si_pid=30624, si_uid=1000, si_status=0, si_utime=0, si_stime=0} ---
read(16, "nced buyers who purchase cotton."..., 4096) = 4096
write(19, "nced buyers who purchase cotton."..., 4096) = 4096
read(20, "e better trusted to follow the M"..., 4096) = 4096
write(23, "e better trusted to follow the M"..., 4096) = 4096
read(24, "ng fingers. \"Europe is a sleepy "..., 4096) = 4096
write(1, "ng fingers. \"Europe is a sleepy "..., 4096) = 4096
select(25, [8 12 16 20 24], [1 11 15 19 23], NULL, NULL) = 10 (in [8 12 16 20 24], out [1 11 15 19 23])
read(8, "understand them; and no one can "..., 4096) = 818
write(11, "understand them; and no one can "..., 818) = 818
read(12, "\r\n\r\n\"You can't be sure of all th"..., 4096) = 4096
write(15, "\r\n\r\n\"You can't be sure of all th"..., 4096) = 4096
read(16, " and each has a history of humil"..., 4096) = 4096
write(19, " and each has a history of humil"..., 4096) = 4096
read(20, "nced buyers who purchase cotton."..., 4096) = 4096
write(23, "nced buyers who purchase cotton."..., 4096) = 4096
read(24, "e better trusted to follow the M"..., 4096) = 4096
write(1, "e better trusted to follow the M"..., 4096) = 4096
select(25, [8 12 16 20 24], [1 11 15 19 23], NULL, NULL) = 10 (in [8 12 16 20 24], out [1 11 15 19 23])
read(8, "", 4096)                       = 0
close(8)                                = 0
close(11)                               = 0
read(12, "understand them; and no one can "..., 4096) = 818
write(15, "understand them; and no one can "..., 818) = 818
read(16, "\r\n\r\n\"You can't be sure of all th"..., 4096) = 4096
write(19, "\r\n\r\n\"You can't be sure of all th"..., 4096) = 4096
--- SIGCHLD {si_signo=SIGCHLD, si_code=CLD_EXITED, si_pid=30625, si_uid=1000, si_status=0, si_utime=0, si_stime=0} ---
read(20, " and each has a history of humil"..., 4096) = 4096
write(23, " and each has a history of humil"..., 4096) = 4096
read(24, "nced buyers who purchase cotton."..., 4096) = 4096
write(1, "nced buyers who purchase cotton."..., 4096) = 4096
select(25, [12 16 20 24], [1 15 19 23], NULL, NULL) = 8 (in [12 16 20 24], out [1 15 19 23])
read(12, "", 4096)                      = 0
close(12)                               = 0
close(15)                               = 0
read(16, "understand them; and no one can "..., 4096) = 818
write(19, "understand them; and no one can "..., 818) = 818
--- SIGCHLD {si_signo=SIGCHLD, si_code=CLD_EXITED, si_pid=30626, si_uid=1000, si_status=0, si_utime=0, si_stime=0} ---
read(20, "\r\n\r\n\"You can't be sure of all th"..., 4096) = 4096
write(23, "\r\n\r\n\"You can't be sure of all th"..., 4096) = 4096
read(24, " and each has a history of humil"..., 4096) = 4096
write(1, " and each has a history of humil"..., 4096) = 4096
select(25, [16 20 24], [1 19 23], NULL, NULL) = 6 (in [16 20 24], out [1 19 23])
read(16, "", 4096)                      = 0
close(16)                               = 0
close(19)                               = 0
read(20, "understand them; and no one can "..., 4096) = 818
write(23, "understand them; and no one can "..., 818) = 818
read(24, "\r\n\r\n\"You can't be sure of all th"..., 4096) = 4096
write(1, "\r\n\r\n\"You can't be sure of all th"..., 4096) = 4096
--- SIGCHLD {si_signo=SIGCHLD, si_code=CLD_EXITED, si_pid=30627, si_uid=1000, si_status=0, si_utime=0, si_stime=0} ---
select(25, [20 24], [1 23], NULL, NULL) = 4 (in [20 24], out [1 23])
read(20, "", 4096)                      = 0
close(20)                               = 0
close(23)                               = 0
read(24, "understand them; and no one can "..., 4096) = 818
write(1, "understand them; and no one can "..., 818) = 818
select(25, [24], [1], NULL, NULL)       = 2 (in [24], out [1])
--- SIGCHLD {si_signo=SIGCHLD, si_code=CLD_EXITED, si_pid=30628, si_uid=1000, si_status=0, si_utime=0, si_stime=0} ---
read(24, "", 3278)                      = 0
close(24)                               = 0
close(1)                                = 0
munmap(0x7f8174704000, 999424)          = 0
munmap(0x7f81746b2000, 335872)          = 0
close(3)                                = -1 EBADF (Bad file descriptor)
exit_group(0)                           = ?
+++ exited with 0 +++
